Log file open, 09/01/20 22:24:42
LogWindows: Failed to load 'aqProf.dll' (GetLastError=126)
LogWindows: File 'aqProf.dll' does not exist
LogWindows: Failed to load 'VtuneApi.dll' (GetLastError=126)
LogWindows: File 'VtuneApi.dll' does not exist
LogWindows: Failed to load 'VtuneApi32e.dll' (GetLastError=126)
LogWindows: File 'VtuneApi32e.dll' does not exist
LogConsoleResponse: Display: Failed to find resolution value strings in scalability ini. Falling back to default.
LogPakFile: Display: Found Pak file ../../../BatteryMan/Content/Paks/BatteryMan-WindowsNoEditor.pak attempting to mount.
LogPakFile: Display: Mounting pak file ../../../BatteryMan/Content/Paks/BatteryMan-WindowsNoEditor.pak.
LogPlatformFile: Not using cached read wrapper
LogTaskGraph: Started task graph with 5 named threads and 23 total threads with 3 sets of task threads.
LogStats: Stats thread started at 2.495164
LogD3D11RHI: Loaded GFSDK_Aftermath_Lib.x64.dll
LogICUInternationalization: ICU TimeZone Detection - Raw Offset: +1:00, Platform Override: ''
LogPluginManager: Mounting plugin Paper2D
LogPluginManager: Mounting plugin AISupport
LogPluginManager: Mounting plugin LightPropagationVolume
LogPluginManager: Mounting plugin AnimationSharing
LogPluginManager: Mounting plugin SignificanceManager
LogPluginManager: Mounting plugin UObjectPlugin
LogPluginManager: Mounting plugin AssetManagerEditor
LogPluginManager: Mounting plugin FacialAnimation
LogPluginManager: Mounting plugin DatasmithContent
LogPluginManager: Mounting plugin VariantManagerContent
LogPluginManager: Mounting plugin AlembicImporter
LogPluginManager: Mounting plugin GeometryCache
LogPluginManager: Mounting plugin AutomationUtils
LogPluginManager: Mounting plugin ScreenshotTools
LogPluginManager: Mounting plugin BackChannel
LogPluginManager: Mounting plugin CharacterAI
LogPluginManager: Mounting plugin PlatformCrypto
LogPluginManager: Mounting plugin MagicLeap
LogPluginManager: Mounting plugin MLSDK
LogPluginManager: Mounting plugin AvfMedia
LogPluginManager: Mounting plugin ImgMedia
LogPluginManager: Mounting plugin MediaCompositing
LogPluginManager: Mounting plugin WmfMedia
LogPluginManager: Mounting plugin TcpMessaging
LogPluginManager: Mounting plugin UdpMessaging
LogPluginManager: Mounting plugin ActorSequence
LogPluginManager: Mounting plugin NetcodeUnitTest
LogPluginManager: Mounting plugin OnlineSubsystemNull
LogPluginManager: Mounting plugin OnlineSubsystem
LogPluginManager: Mounting plugin OnlineSubsystemUtils
LogPluginManager: Mounting plugin LauncherChunkInstaller
LogPluginManager: Mounting plugin AndroidPermission
LogPluginManager: Mounting plugin AppleImageUtils
LogPluginManager: Mounting plugin ArchVisCharacter
LogPluginManager: Mounting plugin AssetTags
LogPluginManager: Mounting plugin AudioCapture
LogPluginManager: Mounting plugin CableComponent
LogPluginManager: Mounting plugin CustomMeshComponent
LogPluginManager: Mounting plugin EditableMesh
LogPluginManager: Mounting plugin ExampleDeviceProfileSelector
LogPluginManager: Mounting plugin LocationServicesBPLibrary
LogPluginManager: Mounting plugin MobilePatchingUtils
LogPluginManager: Mounting plugin OculusVR
LogPluginManager: Mounting plugin ProceduralMeshComponent
LogPluginManager: Mounting plugin PhysXVehicles
LogPluginManager: Mounting plugin RuntimePhysXCooking
LogPluginManager: Mounting plugin SteamVR
LogPluginManager: Mounting plugin WebMMoviePlayer
LogPluginManager: Mounting plugin WebMMedia
LogPluginManager: Mounting plugin WindowsMoviePlayer
LogInit: Using libcurl 7.55.1-DEV
LogInit:  - built for x86_64-pc-win32
LogInit:  - supports SSL with OpenSSL/1.1.1
LogInit:  - supports HTTP deflate (compression) using libz 1.2.8
LogInit:  - other features:
LogInit:      CURL_VERSION_SSL
LogInit:      CURL_VERSION_LIBZ
LogInit:      CURL_VERSION_IPV6
LogInit:      CURL_VERSION_ASYNCHDNS
LogInit:      CURL_VERSION_LARGEFILE
LogInit:      CURL_VERSION_IDN
LogInit:  CurlRequestOptions (configurable via config and command line):
LogInit:  - bVerifyPeer = true  - Libcurl will verify peer certificate
LogInit:  - bUseHttpProxy = false  - Libcurl will NOT use HTTP proxy
LogInit:  - bDontReuseConnections = false  - Libcurl will reuse connections
LogInit:  - MaxHostConnections = 16  - Libcurl will limit the number of connections to a host
LogInit:  - LocalHostAddr = Default
LogInit:  - BufferSize = 65536
LogOnline: OSS: Creating online subsystem instance for: NULL
LogInit: WinSock: version 1.1 (2.2), MaxSocks=32767, MaxUdp=65467
LogOnline: OSS: TryLoadSubsystemAndSetDefault: Loaded subsystem for module [NULL]
LogInit: Build: ++UE4+Release-4.24-CL-10757647
LogInit: Engine Version: 4.24.1-10757647+++UE4+Release-4.24
LogInit: Compatible Engine Version: 4.24.0-10570792+++UE4+Release-4.24
LogInit: Net CL: 10570792
LogInit: OS: Windows 10 (Release 1803) (), CPU: Intel(R) Core(TM) i7-4720HQ CPU @ 2.60GHz, GPU: Intel(R) HD Graphics 4600
LogInit: Compiled (64-bit): Dec 17 2019 02:13:34
LogInit: Compiled with Visual C++: 19.16.27032.01
LogInit: Build Configuration: Development
LogInit: Branch Name: ++UE4+Release-4.24
LogInit: Command Line: 
LogInit: Base Directory: C:/Users/pawel/Documents/Unreal Projects/BatteryManGame/BatteryManGame/BatteryMan/Binaries/Win64/
LogInit: Installed Engine Build: 0
LogDevObjectVersion: Number of dev versions registered: 25
LogDevObjectVersion:   Dev-Blueprints (B0D832E4-1F89-4F0D-ACCF-7EB736FD4AA2): 10
LogDevObjectVersion:   Dev-Build (E1C64328-A22C-4D53-A36C-8E866417BD8C): 0
LogDevObjectVersion:   Dev-Core (375EC13C-06E4-48FB-B500-84F0262A717E): 3
LogDevObjectVersion:   Dev-Editor (E4B068ED-F494-42E9-A231-DA0B2E46BB41): 37
LogDevObjectVersion:   Dev-Framework (CFFC743F-43B0-4480-9391-14DF171D2073): 36
LogDevObjectVersion:   Dev-Mobile (B02B49B5-BB20-44E9-A304-32B752E40360): 2
LogDevObjectVersion:   Dev-Networking (A4E4105C-59A1-49B5-A7C5-40C4547EDFEE): 0
LogDevObjectVersion:   Dev-Online (39C831C9-5AE6-47DC-9A44-9C173E1C8E7C): 0
LogDevObjectVersion:   Dev-Physics (78F01B33-EBEA-4F98-B9B4-84EACCB95AA2): 2
LogDevObjectVersion:   Dev-Platform (6631380F-2D4D-43E0-8009-CF276956A95A): 0
LogDevObjectVersion:   Dev-Rendering (12F88B9F-8875-4AFC-A67C-D90C383ABD29): 36
LogDevObjectVersion:   Dev-Sequencer (7B5AE74C-D270-4C10-A958-57980B212A5A): 11
LogDevObjectVersion:   Dev-VR (D7296918-1DD6-4BDD-9DE2-64A83CC13884): 2
LogDevObjectVersion:   Dev-LoadTimes (C2A15278-BFE7-4AFE-6C17-90FF531DF755): 1
LogDevObjectVersion:   Private-Geometry (6EACA3D4-40EC-4CC1-B786-8BED09428FC5): 3
LogDevObjectVersion:   Dev-AnimPhys (29E575DD-E0A3-4627-9D10-D276232CDCEA): 17
LogDevObjectVersion:   Dev-Anim (AF43A65D-7FD3-4947-9873-3E8ED9C1BB05): 2
LogDevObjectVersion:   Dev-ReflectionCapture (6B266CEC-1EC7-4B8F-A30B-E4D90942FC07): 1
LogDevObjectVersion:   Dev-Automation (0DF73D61-A23F-47EA-B727-89E90C41499A): 1
LogDevObjectVersion:   FortniteMain (601D1886-AC64-4F84-AA16-D3DE0DEAC7D6): 31
LogDevObjectVersion:   Dev-Enterprise (9DFFBCD6-494F-0158-E221-12823C92A888): 8
LogDevObjectVersion:   Dev-Niagara (F2AED0AC-9AFE-416F-8664-AA7FFA26D6FC): 1
LogDevObjectVersion:   Dev-Destruction (174F1F0B-B4C6-45A5-B13F-2EE8D0FB917D): 9
LogDevObjectVersion:   Dev-Physics-Ext (35F94A83-E258-406C-A318-09F59610247C): 8
LogDevObjectVersion:   Dev-CineCamera (B2E18506-4273-CFC2-A54E-F4BB758BBA07): 1
LogInit: Presizing for max 2097152 objects, including 1 objects not considered by GC, pre-allocating 0 bytes for permanent pool.
LogStreaming: Display: Async Loading initialized: Event Driven Loader: true, Async Loading Thread: false, Async Post Load: true
LogInit: Object subsystem initialized
LogConfig: Setting CVar [[con.DebugEarlyDefault:1]]
LogConfig: Setting CVar [[r.setres:1280x720]]
[2020.09.01-20.24.43:805][  0]LogConfig: Setting CVar [[con.DebugEarlyDefault:1]]
[2020.09.01-20.24.43:805][  0]LogConfig: Setting CVar [[r.setres:1280x720]]
[2020.09.01-20.24.43:811][  0]LogConfig: Applying CVar settings from Section [/Script/Engine.RendererSettings] File [../../../BatteryMan/Saved/Config/WindowsNoEditor/Engine.ini]
[2020.09.01-20.24.43:811][  0]LogConfig: Setting CVar [[r.GPUCrashDebugging:0]]
[2020.09.01-20.24.43:811][  0]LogConfig: Setting CVar [[r.ReflectionCaptureResolution:64]]
[2020.09.01-20.24.43:811][  0]LogConfig: Applying CVar settings from Section [/Script/Engine.RendererOverrideSettings] File [../../../BatteryMan/Saved/Config/WindowsNoEditor/Engine.ini]
[2020.09.01-20.24.43:811][  0]LogConfig: Applying CVar settings from Section [/Script/Engine.StreamingSettings] File [../../../BatteryMan/Saved/Config/WindowsNoEditor/Engine.ini]
[2020.09.01-20.24.43:811][  0]LogConfig: Setting CVar [[s.MinBulkDataSizeForAsyncLoading:131072]]
[2020.09.01-20.24.43:811][  0]LogConfig: Setting CVar [[s.AsyncLoadingThreadEnabled:0]]
[2020.09.01-20.24.43:811][  0]LogConfig: Setting CVar [[s.EventDrivenLoaderEnabled:1]]
[2020.09.01-20.24.43:811][  0]LogConfig: Setting CVar [[s.WarnIfTimeLimitExceeded:0]]
[2020.09.01-20.24.43:811][  0]LogConfig: Setting CVar [[s.TimeLimitExceededMultiplier:1.5]]
[2020.09.01-20.24.43:811][  0]LogConfig: Setting CVar [[s.TimeLimitExceededMinTime:0.005]]
[2020.09.01-20.24.43:811][  0]LogConfig: Setting CVar [[s.UseBackgroundLevelStreaming:1]]
[2020.09.01-20.24.43:812][  0]LogConfig: Setting CVar [[s.PriorityAsyncLoadingExtraTime:15.0]]
[2020.09.01-20.24.43:812][  0]LogConfig: Setting CVar [[s.LevelStreamingActorsUpdateTimeLimit:5.0]]
[2020.09.01-20.24.43:812][  0]LogConfig: Setting CVar [[s.PriorityLevelStreamingActorsUpdateExtraTime:5.0]]
[2020.09.01-20.24.43:812][  0]LogConfig: Setting CVar [[s.LevelStreamingComponentsRegistrationGranularity:10]]
[2020.09.01-20.24.43:812][  0]LogConfig: Setting CVar [[s.UnregisterComponentsTimeLimit:1.0]]
[2020.09.01-20.24.43:812][  0]LogConfig: Setting CVar [[s.LevelStreamingComponentsUnregistrationGranularity:5]]
[2020.09.01-20.24.43:812][  0]LogConfig: Setting CVar [[s.FlushStreamingOnExit:1]]
[2020.09.01-20.24.43:812][  0]LogConfig: Applying CVar settings from Section [/Script/Engine.GarbageCollectionSettings] File [../../../BatteryMan/Saved/Config/WindowsNoEditor/Engine.ini]
[2020.09.01-20.24.43:812][  0]LogConfig: Setting CVar [[gc.MaxObjectsNotConsideredByGC:1]]
[2020.09.01-20.24.43:812][  0]LogConfig: Setting CVar [[gc.SizeOfPermanentObjectPool:0]]
[2020.09.01-20.24.43:812][  0]LogConfig: Setting CVar [[gc.FlushStreamingOnGC:0]]
[2020.09.01-20.24.43:812][  0]LogConfig: Setting CVar [[gc.NumRetriesBeforeForcingGC:10]]
[2020.09.01-20.24.43:812][  0]LogConfig: Setting CVar [[gc.AllowParallelGC:1]]
[2020.09.01-20.24.43:812][  0]LogConfig: Setting CVar [[gc.TimeBetweenPurgingPendingKillObjects:61.1]]
[2020.09.01-20.24.43:812][  0]LogConfig: Setting CVar [[gc.MaxObjectsInEditor:25165824]]
[2020.09.01-20.24.43:812][  0]LogConfig: Setting CVar [[gc.IncrementalBeginDestroyEnabled:1]]
[2020.09.01-20.24.43:813][  0]LogConfig: Setting CVar [[gc.CreateGCClusters:1]]
[2020.09.01-20.24.43:813][  0]LogConfig: Setting CVar [[gc.MinGCClusterSize:5]]
[2020.09.01-20.24.43:813][  0]LogConfig: Setting CVar [[gc.ActorClusteringEnabled:0]]
[2020.09.01-20.24.43:813][  0]LogConfig: Setting CVar [[gc.BlueprintClusteringEnabled:0]]
[2020.09.01-20.24.43:813][  0]LogConfig: Setting CVar [[gc.UseDisregardForGCOnDedicatedServers:0]]
[2020.09.01-20.24.43:813][  0]LogConfig: Applying CVar settings from Section [/Script/Engine.NetworkSettings] File [../../../BatteryMan/Saved/Config/WindowsNoEditor/Engine.ini]
[2020.09.01-20.24.43:862][  0]LogConfig: Applying CVar settings from Section [ViewDistanceQuality@3] File [../../../BatteryMan/Saved/Config/WindowsNoEditor/Scalability.ini]
[2020.09.01-20.24.43:864][  0]LogConfig: Setting CVar [[r.SkeletalMeshLODBias:0]]
[2020.09.01-20.24.43:864][  0]LogConfig: Setting CVar [[r.ViewDistanceScale:1.0]]
[2020.09.01-20.24.43:864][  0]LogConfig: Applying CVar settings from Section [AntiAliasingQuality@3] File [../../../BatteryMan/Saved/Config/WindowsNoEditor/Scalability.ini]
[2020.09.01-20.24.43:864][  0]LogConfig: Setting CVar [[r.PostProcessAAQuality:4]]
[2020.09.01-20.24.43:864][  0]LogConfig: Applying CVar settings from Section [ShadowQuality@3] File [../../../BatteryMan/Saved/Config/WindowsNoEditor/Scalability.ini]
[2020.09.01-20.24.43:864][  0]LogConfig: Setting CVar [[r.LightFunctionQuality:1]]
[2020.09.01-20.24.43:864][  0]LogConfig: Setting CVar [[r.ShadowQuality:5]]
[2020.09.01-20.24.43:864][  0]LogConfig: Setting CVar [[r.Shadow.CSM.MaxCascades:10]]
[2020.09.01-20.24.43:864][  0]LogConfig: Setting CVar [[r.Shadow.MaxResolution:2048]]
[2020.09.01-20.24.43:864][  0]LogConfig: Setting CVar [[r.Shadow.MaxCSMResolution:2048]]
[2020.09.01-20.24.43:864][  0]LogConfig: Setting CVar [[r.Shadow.RadiusThreshold:0.01]]
[2020.09.01-20.24.43:864][  0]LogConfig: Setting CVar [[r.Shadow.DistanceScale:1.0]]
[2020.09.01-20.24.43:864][  0]LogConfig: Setting CVar [[r.Shadow.CSM.TransitionScale:1.0]]
[2020.09.01-20.24.43:865][  0]LogConfig: Setting CVar [[r.Shadow.PreShadowResolutionFactor:1.0]]
[2020.09.01-20.24.43:865][  0]LogConfig: Setting CVar [[r.DistanceFieldShadowing:1]]
[2020.09.01-20.24.43:865][  0]LogConfig: Setting CVar [[r.DistanceFieldAO:1]]
[2020.09.01-20.24.43:865][  0]LogConfig: Setting CVar [[r.AOQuality:2]]
[2020.09.01-20.24.43:865][  0]LogConfig: Setting CVar [[r.VolumetricFog:1]]
[2020.09.01-20.24.43:865][  0]LogConfig: Setting CVar [[r.VolumetricFog.GridPixelSize:8]]
[2020.09.01-20.24.43:865][  0]LogConfig: Setting CVar [[r.VolumetricFog.GridSizeZ:128]]
[2020.09.01-20.24.43:865][  0]LogConfig: Setting CVar [[r.VolumetricFog.HistoryMissSupersampleCount:4]]
[2020.09.01-20.24.43:865][  0]LogConfig: Setting CVar [[r.LightMaxDrawDistanceScale:1]]
[2020.09.01-20.24.43:865][  0]LogConfig: Setting CVar [[r.CapsuleShadows:1]]
[2020.09.01-20.24.43:865][  0]LogConfig: Applying CVar settings from Section [PostProcessQuality@3] File [../../../BatteryMan/Saved/Config/WindowsNoEditor/Scalability.ini]
[2020.09.01-20.24.43:865][  0]LogConfig: Setting CVar [[r.MotionBlurQuality:4]]
[2020.09.01-20.24.43:865][  0]LogConfig: Setting CVar [[r.AmbientOcclusionMipLevelFactor:0.4]]
[2020.09.01-20.24.43:865][  0]LogConfig: Setting CVar [[r.AmbientOcclusionMaxQuality:100]]
[2020.09.01-20.24.43:865][  0]LogConfig: Setting CVar [[r.AmbientOcclusionLevels:-1]]
[2020.09.01-20.24.43:865][  0]LogConfig: Setting CVar [[r.AmbientOcclusionRadiusScale:1.0]]
[2020.09.01-20.24.43:865][  0]LogConfig: Setting CVar [[r.DepthOfFieldQuality:2]]
[2020.09.01-20.24.43:866][  0]LogConfig: Setting CVar [[r.RenderTargetPoolMin:400]]
[2020.09.01-20.24.43:866][  0]LogConfig: Setting CVar [[r.LensFlareQuality:2]]
[2020.09.01-20.24.43:866][  0]LogConfig: Setting CVar [[r.SceneColorFringeQuality:1]]
[2020.09.01-20.24.43:866][  0]LogConfig: Setting CVar [[r.EyeAdaptationQuality:2]]
[2020.09.01-20.24.43:866][  0]LogConfig: Setting CVar [[r.BloomQuality:5]]
[2020.09.01-20.24.43:866][  0]LogConfig: Setting CVar [[r.FastBlurThreshold:100]]
[2020.09.01-20.24.43:866][  0]LogConfig: Setting CVar [[r.Upscale.Quality:3]]
[2020.09.01-20.24.43:866][  0]LogConfig: Setting CVar [[r.Tonemapper.GrainQuantization:1]]
[2020.09.01-20.24.43:866][  0]LogConfig: Setting CVar [[r.LightShaftQuality:1]]
[2020.09.01-20.24.43:866][  0]LogConfig: Setting CVar [[r.Filter.SizeScale:1]]
[2020.09.01-20.24.43:866][  0]LogConfig: Setting CVar [[r.Tonemapper.Quality:5]]
[2020.09.01-20.24.43:866][  0]LogConfig: Setting CVar [[r.DOF.Gather.AccumulatorQuality:1        ; higher gathering accumulator quality]]
[2020.09.01-20.24.43:866][  0]LogConfig: Setting CVar [[r.DOF.Gather.PostfilterMethod:1          ; Median3x3 postfilering method]]
[2020.09.01-20.24.43:866][  0]LogConfig: Setting CVar [[r.DOF.Gather.EnableBokehSettings:0       ; no bokeh simulation when gathering]]
[2020.09.01-20.24.43:866][  0]LogConfig: Setting CVar [[r.DOF.Gather.RingCount:4                 ; medium number of samples when gathering]]
[2020.09.01-20.24.43:866][  0]LogConfig: Setting CVar [[r.DOF.Scatter.ForegroundCompositing:1    ; additive foreground scattering]]
[2020.09.01-20.24.43:866][  0]LogConfig: Setting CVar [[r.DOF.Scatter.BackgroundCompositing:2    ; additive background scattering]]
[2020.09.01-20.24.43:866][  0]LogConfig: Setting CVar [[r.DOF.Scatter.EnableBokehSettings:1      ; bokeh simulation when scattering]]
[2020.09.01-20.24.43:867][  0]LogConfig: Setting CVar [[r.DOF.Scatter.MaxSpriteRatio:0.1         ; only a maximum of 10% of scattered bokeh]]
[2020.09.01-20.24.43:867][  0]LogConfig: Setting CVar [[r.DOF.Recombine.Quality:1                ; cheap slight out of focus]]
[2020.09.01-20.24.43:867][  0]LogConfig: Setting CVar [[r.DOF.Recombine.EnableBokehSettings:0    ; no bokeh simulation on slight out of focus]]
[2020.09.01-20.24.43:867][  0]LogConfig: Setting CVar [[r.DOF.TemporalAAQuality:1                ; more stable temporal accumulation]]
[2020.09.01-20.24.43:867][  0]LogConfig: Setting CVar [[r.DOF.Kernel.MaxForegroundRadius:0.025]]
[2020.09.01-20.24.43:867][  0]LogConfig: Setting CVar [[r.DOF.Kernel.MaxBackgroundRadius:0.025]]
[2020.09.01-20.24.43:867][  0]LogConfig: Applying CVar settings from Section [TextureQuality@3] File [../../../BatteryMan/Saved/Config/WindowsNoEditor/Scalability.ini]
[2020.09.01-20.24.43:867][  0]LogConfig: Setting CVar [[r.Streaming.MipBias:0]]
[2020.09.01-20.24.43:867][  0]LogConfig: Setting CVar [[r.Streaming.AmortizeCPUToGPUCopy:0]]
[2020.09.01-20.24.43:867][  0]LogConfig: Setting CVar [[r.Streaming.MaxNumTexturesToStreamPerFrame:0]]
[2020.09.01-20.24.43:867][  0]LogConfig: Setting CVar [[r.Streaming.Boost:1]]
[2020.09.01-20.24.43:867][  0]LogConfig: Setting CVar [[r.MaxAnisotropy:8]]
[2020.09.01-20.24.43:867][  0]LogConfig: Setting CVar [[r.VT.MaxAnisotropy:8]]
[2020.09.01-20.24.43:867][  0]LogConfig: Setting CVar [[r.Streaming.LimitPoolSizeToVRAM:0]]
[2020.09.01-20.24.43:867][  0]LogConfig: Setting CVar [[r.Streaming.PoolSize:1000]]
[2020.09.01-20.24.43:867][  0]LogConfig: Setting CVar [[r.Streaming.MaxEffectiveScreenSize:0]]
[2020.09.01-20.24.43:867][  0]LogConfig: Applying CVar settings from Section [EffectsQuality@3] File [../../../BatteryMan/Saved/Config/WindowsNoEditor/Scalability.ini]
[2020.09.01-20.24.43:867][  0]LogConfig: Setting CVar [[r.TranslucencyLightingVolumeDim:64]]
[2020.09.01-20.24.43:868][  0]LogConfig: Setting CVar [[r.RefractionQuality:2]]
[2020.09.01-20.24.43:868][  0]LogConfig: Setting CVar [[r.SSR.Quality:3]]
[2020.09.01-20.24.43:868][  0]LogConfig: Setting CVar [[r.SSR.HalfResSceneColor:0]]
[2020.09.01-20.24.43:868][  0]LogConfig: Setting CVar [[r.SceneColorFormat:4]]
[2020.09.01-20.24.43:868][  0]LogConfig: Setting CVar [[r.DetailMode:2]]
[2020.09.01-20.24.43:868][  0]LogConfig: Setting CVar [[r.TranslucencyVolumeBlur:1]]
[2020.09.01-20.24.43:868][  0]LogConfig: Setting CVar [[r.MaterialQualityLevel:1 ; High quality]]
[2020.09.01-20.24.43:868][  0]LogConfig: Setting CVar [[r.SSS.Scale:1]]
[2020.09.01-20.24.43:868][  0]LogConfig: Setting CVar [[r.SSS.SampleSet:2]]
[2020.09.01-20.24.43:868][  0]LogConfig: Setting CVar [[r.SSS.Quality:1]]
[2020.09.01-20.24.43:868][  0]LogConfig: Setting CVar [[r.SSS.HalfRes:1]]
[2020.09.01-20.24.43:868][  0]LogConfig: Setting CVar [[r.SSGI.Quality:3]]
[2020.09.01-20.24.43:868][  0]LogConfig: Setting CVar [[r.EmitterSpawnRateScale:1.0]]
[2020.09.01-20.24.43:868][  0]LogConfig: Setting CVar [[r.ParticleLightQuality:2]]
[2020.09.01-20.24.43:868][  0]LogConfig: Setting CVar [[r.SkyAtmosphere.AerialPerspectiveLUT.FastApplyOnOpaque:1 ; Always have FastSkyLUT 1 in this case to avoid wrong sky]]
[2020.09.01-20.24.43:868][  0]LogConfig: Setting CVar [[r.SkyAtmosphere.AerialPerspectiveLUT.SampleCountPerSlice:1]]
[2020.09.01-20.24.43:868][  0]LogConfig: Setting CVar [[r.SkyAtmosphere.AerialPerspectiveLUT.DepthResolution:16.0]]
[2020.09.01-20.24.43:868][  0]LogConfig: Setting CVar [[r.SkyAtmosphere.FastSkyLUT:1]]
[2020.09.01-20.24.43:868][  0]LogConfig: Setting CVar [[r.SkyAtmosphere.FastSkyLUT.SampleCountMin:4.0]]
[2020.09.01-20.24.43:868][  0]LogConfig: Setting CVar [[r.SkyAtmosphere.FastSkyLUT.SampleCountMax:32.0]]
[2020.09.01-20.24.43:868][  0]LogConfig: Setting CVar [[r.SkyAtmosphere.SampleCountMin:4.0]]
[2020.09.01-20.24.43:868][  0]LogConfig: Setting CVar [[r.SkyAtmosphere.SampleCountMax:32.0]]
[2020.09.01-20.24.43:868][  0]LogConfig: Setting CVar [[r.SkyAtmosphere.TransmittanceLUT.UseSmallFormat:0]]
[2020.09.01-20.24.43:868][  0]LogConfig: Setting CVar [[r.SkyAtmosphere.TransmittanceLUT.SampleCount:10.0]]
[2020.09.01-20.24.43:868][  0]LogConfig: Setting CVar [[r.SkyAtmosphere.MultiScatteringLUT.SampleCount:15.0]]
[2020.09.01-20.24.43:868][  0]LogConfig: Applying CVar settings from Section [FoliageQuality@3] File [../../../BatteryMan/Saved/Config/WindowsNoEditor/Scalability.ini]
[2020.09.01-20.24.43:868][  0]LogConfig: Setting CVar [[foliage.DensityScale:1.0]]
[2020.09.01-20.24.43:868][  0]LogConfig: Setting CVar [[grass.DensityScale:1.0]]
[2020.09.01-20.24.43:868][  0]LogConfig: Applying CVar settings from Section [ShadingQuality@3] File [../../../BatteryMan/Saved/Config/WindowsNoEditor/Scalability.ini]
[2020.09.01-20.24.43:868][  0]LogConfig: Setting CVar [[r.HairStrands.SkyLighting.SampleCount:16]]
[2020.09.01-20.24.43:868][  0]LogConfig: Setting CVar [[r.HairStrands.SkyLighting.JitterIntegration:0]]
[2020.09.01-20.24.43:869][  0]LogConfig: Setting CVar [[r.HairStrands.SkyAO.SampleCount:16]]
[2020.09.01-20.24.43:933][  0]LogInit: Selected Device Profile: [WindowsNoEditor]
[2020.09.01-20.24.43:933][  0]LogInit: Applying CVar settings loaded from the selected device profile: [WindowsNoEditor]
[2020.09.01-20.24.43:972][  0]LogHAL: Display: Platform has ~ 16 GB [17092161536 / 17179869184 / 16], which maps to Larger [LargestMinGB=32, LargerMinGB=12, DefaultMinGB=8, SmallerMinGB=6, SmallestMinGB=0)
[2020.09.01-20.24.43:972][  0]LogInit: Going up to parent DeviceProfile [Windows]
[2020.09.01-20.24.43:972][  0]LogInit: Going up to parent DeviceProfile []
[2020.09.01-20.24.43:972][  0]LogConfig: Applying CVar settings from Section [ViewDistanceQuality@3] File [../../../BatteryMan/Saved/Config/WindowsNoEditor/Scalability.ini]
[2020.09.01-20.24.43:972][  0]LogConfig: Setting CVar [[r.SkeletalMeshLODBias:0]]
[2020.09.01-20.24.43:972][  0]LogConfig: Setting CVar [[r.ViewDistanceScale:1.0]]
[2020.09.01-20.24.43:972][  0]LogConfig: Applying CVar settings from Section [AntiAliasingQuality@3] File [../../../BatteryMan/Saved/Config/WindowsNoEditor/Scalability.ini]
[2020.09.01-20.24.43:972][  0]LogConfig: Setting CVar [[r.PostProcessAAQuality:4]]
[2020.09.01-20.24.43:973][  0]LogConfig: Applying CVar settings from Section [ShadowQuality@3] File [../../../BatteryMan/Saved/Config/WindowsNoEditor/Scalability.ini]
[2020.09.01-20.24.43:973][  0]LogConfig: Setting CVar [[r.LightFunctionQuality:1]]
[2020.09.01-20.24.43:973][  0]LogConfig: Setting CVar [[r.ShadowQuality:5]]
[2020.09.01-20.24.43:973][  0]LogConfig: Setting CVar [[r.Shadow.CSM.MaxCascades:10]]
[2020.09.01-20.24.43:973][  0]LogConfig: Setting CVar [[r.Shadow.MaxResolution:2048]]
[2020.09.01-20.24.43:973][  0]LogConfig: Setting CVar [[r.Shadow.MaxCSMResolution:2048]]
[2020.09.01-20.24.43:973][  0]LogConfig: Setting CVar [[r.Shadow.RadiusThreshold:0.01]]
[2020.09.01-20.24.43:973][  0]LogConfig: Setting CVar [[r.Shadow.DistanceScale:1.0]]
[2020.09.01-20.24.43:973][  0]LogConfig: Setting CVar [[r.Shadow.CSM.TransitionScale:1.0]]
[2020.09.01-20.24.43:973][  0]LogConfig: Setting CVar [[r.Shadow.PreShadowResolutionFactor:1.0]]
[2020.09.01-20.24.43:973][  0]LogConfig: Setting CVar [[r.DistanceFieldShadowing:1]]
[2020.09.01-20.24.43:973][  0]LogConfig: Setting CVar [[r.DistanceFieldAO:1]]
[2020.09.01-20.24.43:973][  0]LogConfig: Setting CVar [[r.AOQuality:2]]
[2020.09.01-20.24.43:973][  0]LogConfig: Setting CVar [[r.VolumetricFog:1]]
[2020.09.01-20.24.43:973][  0]LogConfig: Setting CVar [[r.VolumetricFog.GridPixelSize:8]]
[2020.09.01-20.24.43:973][  0]LogConfig: Setting CVar [[r.VolumetricFog.GridSizeZ:128]]
[2020.09.01-20.24.43:973][  0]LogConfig: Setting CVar [[r.VolumetricFog.HistoryMissSupersampleCount:4]]
[2020.09.01-20.24.43:973][  0]LogConfig: Setting CVar [[r.LightMaxDrawDistanceScale:1]]
[2020.09.01-20.24.43:973][  0]LogConfig: Setting CVar [[r.CapsuleShadows:1]]
[2020.09.01-20.24.43:973][  0]LogConfig: Applying CVar settings from Section [PostProcessQuality@3] File [../../../BatteryMan/Saved/Config/WindowsNoEditor/Scalability.ini]
[2020.09.01-20.24.43:973][  0]LogConfig: Setting CVar [[r.MotionBlurQuality:4]]
[2020.09.01-20.24.43:973][  0]LogConfig: Setting CVar [[r.AmbientOcclusionMipLevelFactor:0.4]]
[2020.09.01-20.24.43:973][  0]LogConfig: Setting CVar [[r.AmbientOcclusionMaxQuality:100]]
[2020.09.01-20.24.43:973][  0]LogConfig: Setting CVar [[r.AmbientOcclusionLevels:-1]]
[2020.09.01-20.24.43:973][  0]LogConfig: Setting CVar [[r.AmbientOcclusionRadiusScale:1.0]]
[2020.09.01-20.24.43:973][  0]LogConfig: Setting CVar [[r.DepthOfFieldQuality:2]]
[2020.09.01-20.24.43:973][  0]LogConfig: Setting CVar [[r.RenderTargetPoolMin:400]]
[2020.09.01-20.24.43:973][  0]LogConfig: Setting CVar [[r.LensFlareQuality:2]]
[2020.09.01-20.24.43:973][  0]LogConfig: Setting CVar [[r.SceneColorFringeQuality:1]]
[2020.09.01-20.24.43:973][  0]LogConfig: Setting CVar [[r.EyeAdaptationQuality:2]]
[2020.09.01-20.24.43:973][  0]LogConfig: Setting CVar [[r.BloomQuality:5]]
[2020.09.01-20.24.43:973][  0]LogConfig: Setting CVar [[r.FastBlurThreshold:100]]
[2020.09.01-20.24.43:973][  0]LogConfig: Setting CVar [[r.Upscale.Quality:3]]
[2020.09.01-20.24.43:973][  0]LogConfig: Setting CVar [[r.Tonemapper.GrainQuantization:1]]
[2020.09.01-20.24.43:973][  0]LogConfig: Setting CVar [[r.LightShaftQuality:1]]
[2020.09.01-20.24.43:973][  0]LogConfig: Setting CVar [[r.Filter.SizeScale:1]]
[2020.09.01-20.24.43:973][  0]LogConfig: Setting CVar [[r.Tonemapper.Quality:5]]
[2020.09.01-20.24.43:974][  0]LogConfig: Setting CVar [[r.DOF.Gather.AccumulatorQuality:1        ; higher gathering accumulator quality]]
[2020.09.01-20.24.43:974][  0]LogConfig: Setting CVar [[r.DOF.Gather.PostfilterMethod:1          ; Median3x3 postfilering method]]
[2020.09.01-20.24.43:974][  0]LogConfig: Setting CVar [[r.DOF.Gather.EnableBokehSettings:0       ; no bokeh simulation when gathering]]
[2020.09.01-20.24.43:974][  0]LogConfig: Setting CVar [[r.DOF.Gather.RingCount:4                 ; medium number of samples when gathering]]
[2020.09.01-20.24.43:974][  0]LogConfig: Setting CVar [[r.DOF.Scatter.ForegroundCompositing:1    ; additive foreground scattering]]
[2020.09.01-20.24.43:974][  0]LogConfig: Setting CVar [[r.DOF.Scatter.BackgroundCompositing:2    ; additive background scattering]]
[2020.09.01-20.24.43:974][  0]LogConfig: Setting CVar [[r.DOF.Scatter.EnableBokehSettings:1      ; bokeh simulation when scattering]]
[2020.09.01-20.24.43:974][  0]LogConfig: Setting CVar [[r.DOF.Scatter.MaxSpriteRatio:0.1         ; only a maximum of 10% of scattered bokeh]]
[2020.09.01-20.24.43:974][  0]LogConfig: Setting CVar [[r.DOF.Recombine.Quality:1                ; cheap slight out of focus]]
[2020.09.01-20.24.43:974][  0]LogConfig: Setting CVar [[r.DOF.Recombine.EnableBokehSettings:0    ; no bokeh simulation on slight out of focus]]
[2020.09.01-20.24.43:974][  0]LogConfig: Setting CVar [[r.DOF.TemporalAAQuality:1                ; more stable temporal accumulation]]
[2020.09.01-20.24.43:974][  0]LogConfig: Setting CVar [[r.DOF.Kernel.MaxForegroundRadius:0.025]]
[2020.09.01-20.24.43:974][  0]LogConfig: Setting CVar [[r.DOF.Kernel.MaxBackgroundRadius:0.025]]
[2020.09.01-20.24.43:974][  0]LogConfig: Applying CVar settings from Section [TextureQuality@3] File [../../../BatteryMan/Saved/Config/WindowsNoEditor/Scalability.ini]
[2020.09.01-20.24.43:974][  0]LogConfig: Setting CVar [[r.Streaming.MipBias:0]]
[2020.09.01-20.24.43:974][  0]LogConfig: Setting CVar [[r.Streaming.AmortizeCPUToGPUCopy:0]]
[2020.09.01-20.24.43:974][  0]LogConfig: Setting CVar [[r.Streaming.MaxNumTexturesToStreamPerFrame:0]]
[2020.09.01-20.24.43:974][  0]LogConfig: Setting CVar [[r.Streaming.Boost:1]]
[2020.09.01-20.24.43:974][  0]LogConfig: Setting CVar [[r.MaxAnisotropy:8]]
[2020.09.01-20.24.43:974][  0]LogConfig: Setting CVar [[r.VT.MaxAnisotropy:8]]
[2020.09.01-20.24.43:974][  0]LogConfig: Setting CVar [[r.Streaming.LimitPoolSizeToVRAM:0]]
[2020.09.01-20.24.43:974][  0]LogConfig: Setting CVar [[r.Streaming.PoolSize:1000]]
[2020.09.01-20.24.43:974][  0]LogConfig: Setting CVar [[r.Streaming.MaxEffectiveScreenSize:0]]
[2020.09.01-20.24.43:974][  0]LogConfig: Applying CVar settings from Section [EffectsQuality@3] File [../../../BatteryMan/Saved/Config/WindowsNoEditor/Scalability.ini]
[2020.09.01-20.24.43:974][  0]LogConfig: Setting CVar [[r.TranslucencyLightingVolumeDim:64]]
[2020.09.01-20.24.43:974][  0]LogConfig: Setting CVar [[r.RefractionQuality:2]]
[2020.09.01-20.24.43:974][  0]LogConfig: Setting CVar [[r.SSR.Quality:3]]
[2020.09.01-20.24.43:974][  0]LogConfig: Setting CVar [[r.SSR.HalfResSceneColor:0]]
[2020.09.01-20.24.43:974][  0]LogConfig: Setting CVar [[r.SceneColorFormat:4]]
[2020.09.01-20.24.43:974][  0]LogConfig: Setting CVar [[r.DetailMode:2]]
[2020.09.01-20.24.43:974][  0]LogConfig: Setting CVar [[r.TranslucencyVolumeBlur:1]]
[2020.09.01-20.24.43:974][  0]LogConfig: Setting CVar [[r.MaterialQualityLevel:1 ; High quality]]
[2020.09.01-20.24.43:974][  0]LogConfig: Setting CVar [[r.SSS.Scale:1]]
[2020.09.01-20.24.43:974][  0]LogConfig: Setting CVar [[r.SSS.SampleSet:2]]
[2020.09.01-20.24.43:975][  0]LogConfig: Setting CVar [[r.SSS.Quality:1]]
[2020.09.01-20.24.43:975][  0]LogConfig: Setting CVar [[r.SSS.HalfRes:1]]
[2020.09.01-20.24.43:975][  0]LogConfig: Setting CVar [[r.SSGI.Quality:3]]
[2020.09.01-20.24.43:975][  0]LogConfig: Setting CVar [[r.EmitterSpawnRateScale:1.0]]
[2020.09.01-20.24.43:975][  0]LogConfig: Setting CVar [[r.ParticleLightQuality:2]]
[2020.09.01-20.24.43:975][  0]LogConfig: Setting CVar [[r.SkyAtmosphere.AerialPerspectiveLUT.FastApplyOnOpaque:1 ; Always have FastSkyLUT 1 in this case to avoid wrong sky]]
[2020.09.01-20.24.43:975][  0]LogConfig: Setting CVar [[r.SkyAtmosphere.AerialPerspectiveLUT.SampleCountPerSlice:1]]
[2020.09.01-20.24.43:975][  0]LogConfig: Setting CVar [[r.SkyAtmosphere.AerialPerspectiveLUT.DepthResolution:16.0]]
[2020.09.01-20.24.43:975][  0]LogConfig: Setting CVar [[r.SkyAtmosphere.FastSkyLUT:1]]
[2020.09.01-20.24.43:975][  0]LogConfig: Setting CVar [[r.SkyAtmosphere.FastSkyLUT.SampleCountMin:4.0]]
[2020.09.01-20.24.43:975][  0]LogConfig: Setting CVar [[r.SkyAtmosphere.FastSkyLUT.SampleCountMax:32.0]]
[2020.09.01-20.24.43:975][  0]LogConfig: Setting CVar [[r.SkyAtmosphere.SampleCountMin:4.0]]
[2020.09.01-20.24.43:975][  0]LogConfig: Setting CVar [[r.SkyAtmosphere.SampleCountMax:32.0]]
[2020.09.01-20.24.43:975][  0]LogConfig: Setting CVar [[r.SkyAtmosphere.TransmittanceLUT.UseSmallFormat:0]]
[2020.09.01-20.24.43:975][  0]LogConfig: Setting CVar [[r.SkyAtmosphere.TransmittanceLUT.SampleCount:10.0]]
[2020.09.01-20.24.43:975][  0]LogConfig: Setting CVar [[r.SkyAtmosphere.MultiScatteringLUT.SampleCount:15.0]]
[2020.09.01-20.24.43:975][  0]LogConfig: Applying CVar settings from Section [FoliageQuality@3] File [../../../BatteryMan/Saved/Config/WindowsNoEditor/Scalability.ini]
[2020.09.01-20.24.43:975][  0]LogConfig: Setting CVar [[foliage.DensityScale:1.0]]
[2020.09.01-20.24.43:975][  0]LogConfig: Setting CVar [[grass.DensityScale:1.0]]
[2020.09.01-20.24.43:975][  0]LogConfig: Applying CVar settings from Section [ShadingQuality@3] File [../../../BatteryMan/Saved/Config/WindowsNoEditor/Scalability.ini]
[2020.09.01-20.24.43:975][  0]LogConfig: Setting CVar [[r.HairStrands.SkyLighting.SampleCount:16]]
[2020.09.01-20.24.43:975][  0]LogConfig: Setting CVar [[r.HairStrands.SkyLighting.JitterIntegration:0]]
[2020.09.01-20.24.43:975][  0]LogConfig: Setting CVar [[r.HairStrands.SkyAO.SampleCount:16]]
[2020.09.01-20.24.43:975][  0]LogConfig: Applying CVar settings from Section [Startup] File [../../../Engine/Config/ConsoleVariables.ini]
[2020.09.01-20.24.43:975][  0]LogConfig: Setting CVar [[net.UseAdaptiveNetUpdateFrequency:0]]
[2020.09.01-20.24.43:975][  0]LogConfig: Setting CVar [[p.chaos.AllowCreatePhysxBodies:1]]
[2020.09.01-20.24.43:976][  0]LogConfig: Applying CVar settings from Section [ConsoleVariables] File [../../../BatteryMan/Saved/Config/WindowsNoEditor/Engine.ini]
[2020.09.01-20.24.44:025][  0]LogInit: Computer: DESKTOP-RQ83EQG
[2020.09.01-20.24.44:025][  0]LogInit: User: pawel
[2020.09.01-20.24.44:025][  0]LogInit: CPU Page size=4096, Cores=4
[2020.09.01-20.24.44:025][  0]LogInit: High frequency timer resolution =2.533210 MHz
[2020.09.01-20.24.44:025][  0]LogMemory: Memory total: Physical=15.9GB (16GB approx)
[2020.09.01-20.24.44:025][  0]LogMemory: Platform Memory Stats for WindowsNoEditor
[2020.09.01-20.24.44:025][  0]LogMemory: Process Physical Memory: 58.11 MB used, 58.11 MB peak
[2020.09.01-20.24.44:025][  0]LogMemory: Process Virtual Memory: 70.10 MB used, 70.10 MB peak
[2020.09.01-20.24.44:025][  0]LogMemory: Physical Memory: 8854.92 MB used,  7445.44 MB free, 16300.36 MB total
[2020.09.01-20.24.44:025][  0]LogMemory: Virtual Memory: 4904.73 MB used,  134212824.00 MB free, 134217728.00 MB total
[2020.09.01-20.24.44:028][  0]LogWindows: WindowsPlatformFeatures enabled
[2020.09.01-20.24.45:278][  0]LogInit: Using OS detected language (pl-PL).
[2020.09.01-20.24.45:278][  0]LogInit: Using OS detected locale (pl-PL).
[2020.09.01-20.24.45:278][  0]LogTextLocalizationManager: No localization for 'pl-PL' exists, so 'en' will be used for the language.
[2020.09.01-20.24.45:279][  0]LogTextLocalizationManager: No localization for 'pl-PL' exists, so 'en' will be used for the locale.
[2020.09.01-20.24.46:532][  0]LogSlate: New Slate User Created.  User Index 0, Is Virtual User: 0
[2020.09.01-20.24.46:532][  0]LogSlate: Slate User Registered.  User Index 0, Is Virtual User: 0
[2020.09.01-20.24.46:639][  0]LogHMD: Failed to initialize OpenVR with code 110
[2020.09.01-20.24.46:639][  0]LogD3D11RHI: D3D11 min allowed feature level: 11_0
[2020.09.01-20.24.46:639][  0]LogD3D11RHI: D3D11 max allowed feature level: 11_0
[2020.09.01-20.24.46:639][  0]LogD3D11RHI: D3D11 adapters:
[2020.09.01-20.24.46:932][  0]LogD3D11RHI:    0. 'NVIDIA GeForce GTX 960M' (Feature Level 11_0)
[2020.09.01-20.24.46:932][  0]LogD3D11RHI:       4055/0/8150 MB DedicatedVideo/DedicatedSystem/SharedSystem, Outputs:2, VendorId:0x10de
[2020.09.01-20.24.46:941][  0]LogD3D11RHI:    1. 'Intel(R) HD Graphics 4600' (Feature Level 11_0)
[2020.09.01-20.24.46:942][  0]LogD3D11RHI:       112/0/2048 MB DedicatedVideo/DedicatedSystem/SharedSystem, Outputs:0, VendorId:0x8086
[2020.09.01-20.24.46:945][  0]LogD3D11RHI:    2. 'Microsoft Basic Render Driver' (Feature Level 11_0)
[2020.09.01-20.24.46:945][  0]LogD3D11RHI:       0/0/8150 MB DedicatedVideo/DedicatedSystem/SharedSystem, Outputs:0, VendorId:0x1414
[2020.09.01-20.24.46:945][  0]LogD3D11RHI: Chosen D3D11 Adapter: 0
[2020.09.01-20.24.47:367][  0]LogD3D11RHI: Creating new Direct3DDevice
[2020.09.01-20.24.47:367][  0]LogD3D11RHI:     GPU DeviceId: 0x139b (for the marketing name, search the web for "GPU Device Id")
[2020.09.01-20.24.47:367][  0]LogWindows: EnumDisplayDevices:
[2020.09.01-20.24.47:368][  0]LogWindows:    0. 'Intel(R) HD Graphics 4600' (P:0 D:1)
[2020.09.01-20.24.47:368][  0]LogWindows:    1. 'Intel(R) HD Graphics 4600' (P:1 D:1)
[2020.09.01-20.24.47:369][  0]LogWindows:    2. 'Intel(R) HD Graphics 4600' (P:0 D:0)
[2020.09.01-20.24.47:369][  0]LogWindows: DebugString: PrimaryIsNotTheChoosenAdapter PrimaryIsNotTheChoosenAdapter PrimaryIsNotTheChoosenAdapter FoundDriverCount:0 
[2020.09.01-20.24.47:369][  0]LogD3D11RHI:     Adapter Name: NVIDIA GeForce GTX 960M
[2020.09.01-20.24.47:369][  0]LogD3D11RHI:   Driver Version: Unknown (internal:Unknown, unified:Unknown)
[2020.09.01-20.24.47:369][  0]LogD3D11RHI:      Driver Date: Unknown
[2020.09.01-20.24.47:369][  0]LogRHI: Texture pool is 2839 MB (70% of 4055 MB)
[2020.09.01-20.24.47:507][  0]LogD3D11RHI: RHI has support for 64 bit atomics
[2020.09.01-20.24.47:507][  0]LogD3D11RHI: Async texture creation enabled
[2020.09.01-20.24.47:934][  0]LogD3D11RHI: GPU Timing Frequency: 1000.000000 (Debug: 2 1)
[2020.09.01-20.24.48:695][  0]LogMaterial: Verifying Global Shaders for PCD3D_SM5
[2020.09.01-20.24.49:286][  0]LogSlate: Using FreeType 2.10.0
[2020.09.01-20.24.49:351][  0]LogSlate: SlateFontServices - WITH_FREETYPE: 1, WITH_HARFBUZZ: 1
[2020.09.01-20.24.50:014][  0]LogInit: Using OS detected language (pl-PL).
[2020.09.01-20.24.50:014][  0]LogInit: Using OS detected locale (pl-PL).
[2020.09.01-20.24.50:014][  0]LogTextLocalizationManager: No localization for 'pl-PL' exists, so 'en' will be used for the language.
[2020.09.01-20.24.50:014][  0]LogTextLocalizationManager: No localization for 'pl-PL' exists, so 'en' will be used for the locale.
[2020.09.01-20.24.50:015][  0]LogTextLocalizationManager: Compacting localization data took   0.77ms
[2020.09.01-20.24.50:156][  0]LogAssetRegistry: FAssetRegistry took 0.1331 seconds to start up
[2020.09.01-20.24.50:925][  0]LogStreaming: Display: Flushing async loaders.
[2020.09.01-20.24.51:044][  0]LogPackageLocalizationCache: Processed 9 localized package path(s) for 1 prioritized culture(s) in 0.026143 seconds
[2020.09.01-20.24.51:058][  0]LogPakFile: New pak file ../../../BatteryMan/Content/Paks/BatteryMan-WindowsNoEditor.pak added to pak precacher.
[2020.09.01-20.24.51:496][  0]LogInit: Selected Device Profile: [WindowsNoEditor]
[2020.09.01-20.24.52:271][  0]LogNetVersion: BatteryMan 1.0.0, NetCL: 10570792, EngineNetVer: 13, GameNetVer: 0 (Checksum: 2288820487)
[2020.09.01-20.24.53:181][  0]LogAudioCaptureCore: Display: No Audio Capture implementations found. Audio input will be silent.
[2020.09.01-20.24.53:181][  0]LogAudioCaptureCore: Display: No Audio Capture implementations found. Audio input will be silent.
[2020.09.01-20.24.54:307][  0]LogMoviePlayer: Initializing movie player
[2020.09.01-20.24.54:477][  0]LogAndroidPermission: UAndroidPermissionCallbackProxy::GetInstance
[2020.09.01-20.24.54:491][  0]LogOcInput: OculusInput pre-init called
[2020.09.01-20.24.54:520][  0]LogUObjectArray: 42918 objects as part of root set at end of initial load.
[2020.09.01-20.24.54:520][  0]LogUObjectArray: 2 objects are not in the root set, but can never be destroyed because they are in the DisregardForGC set.
[2020.09.01-20.24.54:520][  0]LogUObjectAllocator: 6443568 out of 0 bytes used by permanent object pool.
[2020.09.01-20.24.54:520][  0]LogUObjectArray: CloseDisregardForGC: 42918/42918 objects in disregard for GC pool
[2020.09.01-20.24.54:545][  0]LogEngine: Initializing Engine...
[2020.09.01-20.24.54:643][  0]LogHMD: Failed to initialize OpenVR with code 110
[2020.09.01-20.24.54:694][  0]LogStats: UGameplayTagsManager::InitializeManager -  0.001 s
[2020.09.01-20.24.55:146][  0]LogInit: Initializing FReadOnlyCVARCache
[2020.09.01-20.24.55:153][  0]LogAudioMixer: Display: Audio Mixer Platform Settings:
[2020.09.01-20.24.55:153][  0]LogAudioMixer: Display: 	Sample Rate:						  48000
[2020.09.01-20.24.55:153][  0]LogAudioMixer: Display: 	Callback Buffer Frame Size Requested: 1024
[2020.09.01-20.24.55:153][  0]LogAudioMixer: Display: 	Callback Buffer Frame Size To Use:	  1024
[2020.09.01-20.24.55:153][  0]LogAudioMixer: Display: 	Number of buffers to queue:			  2
[2020.09.01-20.24.55:153][  0]LogAudioMixer: Display: 	Max Channels (voices):				  32
[2020.09.01-20.24.55:154][  0]LogAudioMixer: Display: 	Number of Async Source Workers:		  0
[2020.09.01-20.24.55:154][  0]LogAudio: Display: AudioDevice MaxSources: 32
[2020.09.01-20.24.55:185][  0]LogAudio: Display: Using built-in audio occlusion.
[2020.09.01-20.24.55:185][  0]LogAudioMixer: Display: Initializing audio mixer.
[2020.09.01-20.24.55:613][  0]LogAudioDebug: Display: Lib vorbis DLL was dynamically loaded.
[2020.09.01-20.24.55:653][  0]LogAudioMixer: Display: Audio Device Output Speaker Info:
[2020.09.01-20.24.55:653][  0]LogAudioMixer: Display: Name: Głośniki (Realtek High Definition Audio)
[2020.09.01-20.24.55:653][  0]LogAudioMixer: Display: Is Default: Yes
[2020.09.01-20.24.55:653][  0]LogAudioMixer: Display: Sample Rate: 48000
[2020.09.01-20.24.55:653][  0]LogAudioMixer: Display: Channel Count Used: 2
[2020.09.01-20.24.55:664][  0]LogAudioMixer: Display: Device Channel Count: 2
[2020.09.01-20.24.55:664][  0]LogAudioMixer: Display: Channel Order:
[2020.09.01-20.24.55:664][  0]LogAudioMixer: Display: 0: FrontLeft
[2020.09.01-20.24.55:664][  0]LogAudioMixer: Display: 1: FrontRight
[2020.09.01-20.24.55:726][  0]LogAudioMixer: Display: Using Audio Device Głośniki (Realtek High Definition Audio)
[2020.09.01-20.24.55:849][  0]LogInit: FAudioDevice initialized.
[2020.09.01-20.24.55:926][  0]LogNetVersion: Set ProjectVersion to 1.0.0.0. Version Checksum will be recalculated on next use.
[2020.09.01-20.24.55:926][  0]LogInit: Texture streaming: Enabled
[2020.09.01-20.24.56:586][  0]LogSlate: Updating window title bar state: overlay mode, drag disabled, window buttons hidden, title bar hidden
[2020.09.01-20.24.56:609][  0]LogInit: Display: Game Engine Initialized.
[2020.09.01-20.24.56:626][  0]LogInit: Display: Starting Game.
[2020.09.01-20.24.56:642][  0]LogNet: Browse: /Game/ThirdPersonCPP/Maps/MainMenu_Level?Name=Player
[2020.09.01-20.24.56:642][  0]LogLoad: LoadMap: /Game/ThirdPersonCPP/Maps/MainMenu_Level?Name=Player
[2020.09.01-20.24.56:642][  0]LogWorld: BeginTearingDown for /Temp/Untitled_0
[2020.09.01-20.24.56:728][  0]LogWorld: UWorld::CleanupWorld for Untitled, bSessionEnded=true, bCleanupResources=true
[2020.09.01-20.24.56:751][  0]LogSlate: InvalidateAllWidgets triggered.  All widgets were invalidated
[2020.09.01-20.24.57:004][  0]LogAudioMixer: Display: No commands were queued while flushing the source manager.
[2020.09.01-20.24.57:036][  0]LogUObjectHash: Compacting FUObjectHashTables data took   3.81ms
[2020.09.01-20.24.57:073][  0]LogAIModule: Creating AISystem for world MainMenu_Level
[2020.09.01-20.24.57:512][  0]LogLoad: Game class is 'BatteryMan_GameMode_BP_C'
[2020.09.01-20.24.57:528][  0]LogWorld: Bringing World /Game/ThirdPersonCPP/Maps/MainMenu_Level.MainMenu_Level up for play (max tick rate 0) at 2020.09.01-22.24.57
[2020.09.01-20.24.57:547][  0]LogWorld: Bringing up level for play took: 0.019353
[2020.09.01-20.24.57:568][  0]LogGameMode: FindPlayerStart: PATHS NOT DEFINED or NO PLAYERSTART with positive rating
[2020.09.01-20.24.57:783][  0]LogGameMode: Display: Match State Changed from EnteringMap to WaitingToStart
[2020.09.01-20.24.57:783][  0]LogGameState: Match State Changed from EnteringMap to WaitingToStart
[2020.09.01-20.24.57:783][  0]LogGameMode: Display: Match State Changed from WaitingToStart to InProgress
[2020.09.01-20.24.58:139][  0]LogUMG: Display: Widget Class MainMenu_C - Loaded Fast Template.
[2020.09.01-20.24.58:261][  0]LogActor: Warning: Pool_BP_C /Game/ThirdPersonCPP/Maps/MainMenu_Level.MainMenu_Level:PersistentLevel.Pool_BP_C_2147482547 has natively added scene component(s), but none of them were set as the actor's RootComponent - picking one arbitrarily
[2020.09.01-20.24.58:309][  0]LogActor: Warning: Pool_BP_C /Game/ThirdPersonCPP/Maps/MainMenu_Level.MainMenu_Level:PersistentLevel.Pool_BP_C_2147482545 has natively added scene component(s), but none of them were set as the actor's RootComponent - picking one arbitrarily
[2020.09.01-20.24.58:310][  0]LogActor: Warning: Pool_BP_C /Game/ThirdPersonCPP/Maps/MainMenu_Level.MainMenu_Level:PersistentLevel.Pool_BP_C_2147482544 has natively added scene component(s), but none of them were set as the actor's RootComponent - picking one arbitrarily
[2020.09.01-20.24.58:314][  0]LogGameState: Match State Changed from WaitingToStart to InProgress
[2020.09.01-20.24.58:351][  0]LogLoad: Took 1.707833 seconds to LoadMap(/Game/ThirdPersonCPP/Maps/MainMenu_Level)
[2020.09.01-20.24.58:388][  0]LogSlate: Took 0.014710 seconds to synchronously load lazily loaded font '../../../Engine/Content/EngineFonts/Faces/RobotoBold.ufont' (160K)
[2020.09.01-20.24.58:887][  0]LogLoad: (Engine Initialization) Total time: 21.18 seconds
[2020.09.01-20.24.58:942][  0]LogRenderer: Reallocating scene render targets to support 1920x1080 Format 10 NumSamples 1 (Frame:1).
[2020.09.01-20.24.59:432][  0]LogContentStreaming: Texture pool size now 1000 MB
[2020.09.01-20.25.01:597][170]LogUMG: Display: Widget Class Instruction_C - Loaded Fast Template.
[2020.09.01-20.25.02:449][238]LogGameMode: Display: Match State Changed from InProgress to LeavingMap
[2020.09.01-20.25.02:449][238]LogGameState: Match State Changed from InProgress to LeavingMap
[2020.09.01-20.25.02:450][238]LogNet: Browse: /Game/ThirdPersonCPP/Maps/Level_1
[2020.09.01-20.25.02:450][238]LogLoad: LoadMap: /Game/ThirdPersonCPP/Maps/Level_1
[2020.09.01-20.25.02:450][238]LogWorld: BeginTearingDown for /Game/ThirdPersonCPP/Maps/MainMenu_Level
[2020.09.01-20.25.02:451][238]LogWorld: UWorld::CleanupWorld for MainMenu_Level, bSessionEnded=true, bCleanupResources=true
[2020.09.01-20.25.02:474][238]LogSlate: InvalidateAllWidgets triggered.  All widgets were invalidated
[2020.09.01-20.25.02:546][238]LogAudioMixer: Display: Flush succeeded in the source manager command queue (1).
[2020.09.01-20.25.02:546][238]LogAudioMixer: Display: Flush succeeded the source manager command queue (2).
[2020.09.01-20.25.02:598][238]LogUObjectHash: Compacting FUObjectHashTables data took   3.24ms
[2020.09.01-20.25.02:603][238]LogStreaming: Display: Flushing async loaders.
[2020.09.01-20.25.02:910][238]LogModelComponent: Model /Game/ThirdPersonCPP/Maps/Level_1.Level_1:PersistentLevel.ModelComponent_0 has elements that reference missing vertices. MaxVertex=3, NumVertices=0
[2020.09.01-20.25.02:911][238]LogModelComponent: Model /Game/ThirdPersonCPP/Maps/Level_1.Level_1:PersistentLevel.ModelComponent_1 has elements that reference missing vertices. MaxVertex=7, NumVertices=0
[2020.09.01-20.25.02:911][238]LogModelComponent: Model /Game/ThirdPersonCPP/Maps/Level_1.Level_1:PersistentLevel.ModelComponent_1 has elements that reference missing vertices. MaxVertex=19, NumVertices=0
[2020.09.01-20.25.02:911][238]LogModelComponent: Model /Game/ThirdPersonCPP/Maps/Level_1.Level_1:PersistentLevel.ModelComponent_2 has elements that reference missing vertices. MaxVertex=11, NumVertices=0
[2020.09.01-20.25.02:911][238]LogModelComponent: Model /Game/ThirdPersonCPP/Maps/Level_1.Level_1:PersistentLevel.ModelComponent_3 has elements that reference missing vertices. MaxVertex=15, NumVertices=0
[2020.09.01-20.25.02:911][238]LogModelComponent: Model /Game/ThirdPersonCPP/Maps/Level_1.Level_1:PersistentLevel.ModelComponent_4 has elements that reference missing vertices. MaxVertex=23, NumVertices=0
[2020.09.01-20.25.02:913][238]LogAIModule: Creating AISystem for world Level_1
[2020.09.01-20.25.02:915][238]LogLoad: Game class is 'BatteryMan_GameMode_BP_C'
[2020.09.01-20.25.02:917][238]LogWorld: Bringing World /Game/ThirdPersonCPP/Maps/Level_1.Level_1 up for play (max tick rate 0) at 2020.09.01-22.25.02
[2020.09.01-20.25.02:918][238]LogWorld: Bringing up level for play took: 0.001704
[2020.09.01-20.25.03:105][238]LogGameMode: Display: Match State Changed from EnteringMap to WaitingToStart
[2020.09.01-20.25.03:105][238]LogGameState: Match State Changed from EnteringMap to WaitingToStart
[2020.09.01-20.25.03:105][238]LogGameMode: Display: Match State Changed from WaitingToStart to InProgress
[2020.09.01-20.25.03:156][238]LogUMG: Display: Widget Class PlayerPower_UI_C - Loaded Fast Template.
[2020.09.01-20.25.03:174][238]LogUMG: Display: Widget Class Points_UI_C - Loaded Fast Template.
[2020.09.01-20.25.03:174][238]LogActor: Warning: Pool_BP_C /Game/ThirdPersonCPP/Maps/Level_1.Level_1:PersistentLevel.Pool_BP_C_2147482487 has natively added scene component(s), but none of them were set as the actor's RootComponent - picking one arbitrarily
[2020.09.01-20.25.03:174][238]LogActor: Warning: Pool_BP_C /Game/ThirdPersonCPP/Maps/Level_1.Level_1:PersistentLevel.Pool_BP_C_2147482486 has natively added scene component(s), but none of them were set as the actor's RootComponent - picking one arbitrarily
[2020.09.01-20.25.03:175][238]LogActor: Warning: Pool_BP_C /Game/ThirdPersonCPP/Maps/Level_1.Level_1:PersistentLevel.Pool_BP_C_2147482485 has natively added scene component(s), but none of them were set as the actor's RootComponent - picking one arbitrarily
[2020.09.01-20.25.03:176][238]LogGameState: Match State Changed from WaitingToStart to InProgress
[2020.09.01-20.25.03:176][238]LogLoad: Took 0.726136 seconds to LoadMap(/Game/ThirdPersonCPP/Maps/Level_1)
[2020.09.01-20.25.05:751][365]LogSlate: Took 0.036077 seconds to synchronously load lazily loaded font '../../../Engine/Content/Slate/Fonts/Roboto-Regular.ttf' (155K)
[2020.09.01-20.25.26:085][621]Command not recognized: pau
[2020.09.01-20.25.49:420][105]Command not recognized: Rest
[2020.09.01-20.25.53:035][341]LogGameMode: Display: Match State Changed from InProgress to LeavingMap
[2020.09.01-20.25.53:035][341]LogGameState: Match State Changed from InProgress to LeavingMap
[2020.09.01-20.25.53:035][341]LogNet: Browse: /Game/ThirdPersonCPP/Maps/Level_1?restart
[2020.09.01-20.25.53:035][341]LogLoad: LoadMap: /Game/ThirdPersonCPP/Maps/Level_1
[2020.09.01-20.25.53:035][341]LogWorld: BeginTearingDown for /Game/ThirdPersonCPP/Maps/Level_1
[2020.09.01-20.25.53:133][341]LogWorld: UWorld::CleanupWorld for Level_1, bSessionEnded=true, bCleanupResources=true
[2020.09.01-20.25.53:133][341]LogSlate: InvalidateAllWidgets triggered.  All widgets were invalidated
[2020.09.01-20.25.53:137][341]LogAudioMixer: Display: No commands were queued while flushing the source manager.
[2020.09.01-20.25.53:140][341]LogUObjectHash: Compacting FUObjectHashTables data took   1.62ms
[2020.09.01-20.25.53:148][341]LogStreaming: Display: Flushing async loaders.
[2020.09.01-20.25.53:229][341]LogModelComponent: Model /Game/ThirdPersonCPP/Maps/Level_1.Level_1:PersistentLevel.ModelComponent_0 has elements that reference missing vertices. MaxVertex=3, NumVertices=0
[2020.09.01-20.25.53:229][341]LogModelComponent: Model /Game/ThirdPersonCPP/Maps/Level_1.Level_1:PersistentLevel.ModelComponent_1 has elements that reference missing vertices. MaxVertex=7, NumVertices=0
[2020.09.01-20.25.53:229][341]LogModelComponent: Model /Game/ThirdPersonCPP/Maps/Level_1.Level_1:PersistentLevel.ModelComponent_1 has elements that reference missing vertices. MaxVertex=19, NumVertices=0
[2020.09.01-20.25.53:229][341]LogModelComponent: Model /Game/ThirdPersonCPP/Maps/Level_1.Level_1:PersistentLevel.ModelComponent_2 has elements that reference missing vertices. MaxVertex=11, NumVertices=0
[2020.09.01-20.25.53:229][341]LogModelComponent: Model /Game/ThirdPersonCPP/Maps/Level_1.Level_1:PersistentLevel.ModelComponent_3 has elements that reference missing vertices. MaxVertex=15, NumVertices=0
[2020.09.01-20.25.53:229][341]LogModelComponent: Model /Game/ThirdPersonCPP/Maps/Level_1.Level_1:PersistentLevel.ModelComponent_4 has elements that reference missing vertices. MaxVertex=23, NumVertices=0
[2020.09.01-20.25.53:232][341]LogAIModule: Creating AISystem for world Level_1
[2020.09.01-20.25.53:235][341]LogLoad: Game class is 'BatteryMan_GameMode_BP_C'
[2020.09.01-20.25.53:237][341]LogWorld: Bringing World /Game/ThirdPersonCPP/Maps/Level_1.Level_1 up for play (max tick rate 0) at 2020.09.01-22.25.53
[2020.09.01-20.25.53:237][341]LogWorld: Bringing up level for play took: 0.001174
[2020.09.01-20.25.53:237][341]LogGameMode: Display: Match State Changed from EnteringMap to WaitingToStart
[2020.09.01-20.25.53:238][341]LogGameState: Match State Changed from EnteringMap to WaitingToStart
[2020.09.01-20.25.53:238][341]LogGameMode: Display: Match State Changed from WaitingToStart to InProgress
[2020.09.01-20.25.53:239][341]LogUMG: Display: Widget Class PlayerPower_UI_C - Loaded Fast Template.
[2020.09.01-20.25.53:240][341]LogUMG: Display: Widget Class Points_UI_C - Loaded Fast Template.
[2020.09.01-20.25.53:240][341]LogActor: Warning: Pool_BP_C /Game/ThirdPersonCPP/Maps/Level_1.Level_1:PersistentLevel.Pool_BP_C_2147482427 has natively added scene component(s), but none of them were set as the actor's RootComponent - picking one arbitrarily
[2020.09.01-20.25.53:240][341]LogActor: Warning: Pool_BP_C /Game/ThirdPersonCPP/Maps/Level_1.Level_1:PersistentLevel.Pool_BP_C_2147482426 has natively added scene component(s), but none of them were set as the actor's RootComponent - picking one arbitrarily
[2020.09.01-20.25.53:240][341]LogActor: Warning: Pool_BP_C /Game/ThirdPersonCPP/Maps/Level_1.Level_1:PersistentLevel.Pool_BP_C_2147482425 has natively added scene component(s), but none of them were set as the actor's RootComponent - picking one arbitrarily
[2020.09.01-20.25.53:242][341]LogGameState: Match State Changed from WaitingToStart to InProgress
[2020.09.01-20.25.53:242][341]LogLoad: Took 0.207873 seconds to LoadMap(/Game/ThirdPersonCPP/Maps/Level_1)
[2020.09.01-20.26.37:547][137]LogEngine: Display: Console Help:
[2020.09.01-20.26.37:547][137]LogEngine: Display: =============
[2020.09.01-20.26.37:547][137]LogEngine: Display:  
[2020.09.01-20.26.37:547][137]LogEngine: Display: A console variable is a engine wide key value pair. The key is a string usually starting with the subsystem prefix followed
[2020.09.01-20.26.37:547][137]LogEngine: Display: by '.' e.g. r.BloomQuality. The value can be of different tpe (e.g. float, int, string). A console command has no state associated with
[2020.09.01-20.26.37:547][137]LogEngine: Display: and gets executed immediately.
[2020.09.01-20.26.37:547][137]LogEngine: Display:  
[2020.09.01-20.26.37:547][137]LogEngine: Display: Console variables can be put into ini files (e.g. ConsoleVariables.ini or BaseEngine.ini) with this syntax:
[2020.09.01-20.26.37:547][137]LogEngine: Display: <Console variable> = <value>
[2020.09.01-20.26.37:547][137]LogEngine: Display:  
[2020.09.01-20.26.37:547][137]LogEngine: Display: DumpConsoleCommands         Lists all console variables and commands that are registered (Some are not registered)
[2020.09.01-20.26.37:547][137]LogEngine: Display: <Console variable>          Get the console variable state
[2020.09.01-20.26.37:547][137]LogEngine: Display: <Console variable> ?        Get the console variable help text
[2020.09.01-20.26.37:547][137]LogEngine: Display: <Console variable> <value>  Set the console variable value
[2020.09.01-20.26.37:547][137]LogEngine: Display: <Console command> [Params]  Execute the console command with optional parameters
[2020.09.01-20.26.37:547][137]LogEngine: Display:  
[2020.09.01-20.26.37:547][137]LogEngine: Display: To browse console variables open this: '../../../BatteryMan/Saved/ConsoleHelp.html'
[2020.09.01-20.26.37:547][137]LogEngine: Display:  
[2020.09.01-20.26.43:818][543]LogEngine: Display: Console Help:
[2020.09.01-20.26.43:818][543]LogEngine: Display: =============
[2020.09.01-20.26.43:818][543]LogEngine: Display:  
[2020.09.01-20.26.43:818][543]LogEngine: Display: A console variable is a engine wide key value pair. The key is a string usually starting with the subsystem prefix followed
[2020.09.01-20.26.43:818][543]LogEngine: Display: by '.' e.g. r.BloomQuality. The value can be of different tpe (e.g. float, int, string). A console command has no state associated with
[2020.09.01-20.26.43:818][543]LogEngine: Display: and gets executed immediately.
[2020.09.01-20.26.43:818][543]LogEngine: Display:  
[2020.09.01-20.26.43:818][543]LogEngine: Display: Console variables can be put into ini files (e.g. ConsoleVariables.ini or BaseEngine.ini) with this syntax:
[2020.09.01-20.26.43:818][543]LogEngine: Display: <Console variable> = <value>
[2020.09.01-20.26.43:818][543]LogEngine: Display:  
[2020.09.01-20.26.43:818][543]LogEngine: Display: DumpConsoleCommands         Lists all console variables and commands that are registered (Some are not registered)
[2020.09.01-20.26.43:818][543]LogEngine: Display: <Console variable>          Get the console variable state
[2020.09.01-20.26.43:818][543]LogEngine: Display: <Console variable> ?        Get the console variable help text
[2020.09.01-20.26.43:818][543]LogEngine: Display: <Console variable> <value>  Set the console variable value
[2020.09.01-20.26.43:818][543]LogEngine: Display: <Console command> [Params]  Execute the console command with optional parameters
[2020.09.01-20.26.43:818][543]LogEngine: Display:  
[2020.09.01-20.26.43:818][543]LogEngine: Display: To browse console variables open this: '../../../BatteryMan/Saved/ConsoleHelp.html'
[2020.09.01-20.26.43:818][543]LogEngine: Display:  
[2020.09.01-20.27.49:482][785]Command not recognized: rest
[2020.09.01-20.27.52:278][966]LogGameMode: Display: Match State Changed from InProgress to LeavingMap
[2020.09.01-20.27.52:278][966]LogGameState: Match State Changed from InProgress to LeavingMap
[2020.09.01-20.27.52:278][966]LogNet: Browse: /Game/ThirdPersonCPP/Maps/Level_1?restart
[2020.09.01-20.27.52:278][966]LogLoad: LoadMap: /Game/ThirdPersonCPP/Maps/Level_1
[2020.09.01-20.27.52:278][966]LogWorld: BeginTearingDown for /Game/ThirdPersonCPP/Maps/Level_1
[2020.09.01-20.27.52:279][966]LogWorld: UWorld::CleanupWorld for Level_1, bSessionEnded=true, bCleanupResources=true
[2020.09.01-20.27.52:279][966]LogSlate: InvalidateAllWidgets triggered.  All widgets were invalidated
[2020.09.01-20.27.52:285][966]LogAudioMixer: Display: No commands were queued while flushing the source manager.
[2020.09.01-20.27.52:291][966]LogUObjectHash: Compacting FUObjectHashTables data took   3.11ms
[2020.09.01-20.27.52:299][966]LogStreaming: Display: Flushing async loaders.
[2020.09.01-20.27.52:379][966]LogModelComponent: Model /Game/ThirdPersonCPP/Maps/Level_1.Level_1:PersistentLevel.ModelComponent_0 has elements that reference missing vertices. MaxVertex=3, NumVertices=0
[2020.09.01-20.27.52:379][966]LogModelComponent: Model /Game/ThirdPersonCPP/Maps/Level_1.Level_1:PersistentLevel.ModelComponent_1 has elements that reference missing vertices. MaxVertex=7, NumVertices=0
[2020.09.01-20.27.52:379][966]LogModelComponent: Model /Game/ThirdPersonCPP/Maps/Level_1.Level_1:PersistentLevel.ModelComponent_1 has elements that reference missing vertices. MaxVertex=19, NumVertices=0
[2020.09.01-20.27.52:379][966]LogModelComponent: Model /Game/ThirdPersonCPP/Maps/Level_1.Level_1:PersistentLevel.ModelComponent_2 has elements that reference missing vertices. MaxVertex=11, NumVertices=0
[2020.09.01-20.27.52:379][966]LogModelComponent: Model /Game/ThirdPersonCPP/Maps/Level_1.Level_1:PersistentLevel.ModelComponent_3 has elements that reference missing vertices. MaxVertex=15, NumVertices=0
[2020.09.01-20.27.52:379][966]LogModelComponent: Model /Game/ThirdPersonCPP/Maps/Level_1.Level_1:PersistentLevel.ModelComponent_4 has elements that reference missing vertices. MaxVertex=23, NumVertices=0
[2020.09.01-20.27.52:381][966]LogAIModule: Creating AISystem for world Level_1
[2020.09.01-20.27.52:383][966]LogLoad: Game class is 'BatteryMan_GameMode_BP_C'
[2020.09.01-20.27.52:385][966]LogWorld: Bringing World /Game/ThirdPersonCPP/Maps/Level_1.Level_1 up for play (max tick rate 0) at 2020.09.01-22.27.52
[2020.09.01-20.27.52:385][966]LogWorld: Bringing up level for play took: 0.000949
[2020.09.01-20.27.52:386][966]LogGameMode: Display: Match State Changed from EnteringMap to WaitingToStart
[2020.09.01-20.27.52:386][966]LogGameState: Match State Changed from EnteringMap to WaitingToStart
[2020.09.01-20.27.52:386][966]LogGameMode: Display: Match State Changed from WaitingToStart to InProgress
[2020.09.01-20.27.52:388][966]LogUMG: Display: Widget Class PlayerPower_UI_C - Loaded Fast Template.
[2020.09.01-20.27.52:388][966]LogUMG: Display: Widget Class Points_UI_C - Loaded Fast Template.
[2020.09.01-20.27.52:388][966]LogActor: Warning: Pool_BP_C /Game/ThirdPersonCPP/Maps/Level_1.Level_1:PersistentLevel.Pool_BP_C_2147482363 has natively added scene component(s), but none of them were set as the actor's RootComponent - picking one arbitrarily
[2020.09.01-20.27.52:389][966]LogActor: Warning: Pool_BP_C /Game/ThirdPersonCPP/Maps/Level_1.Level_1:PersistentLevel.Pool_BP_C_2147482362 has natively added scene component(s), but none of them were set as the actor's RootComponent - picking one arbitrarily
[2020.09.01-20.27.52:389][966]LogActor: Warning: Pool_BP_C /Game/ThirdPersonCPP/Maps/Level_1.Level_1:PersistentLevel.Pool_BP_C_2147482361 has natively added scene component(s), but none of them were set as the actor's RootComponent - picking one arbitrarily
[2020.09.01-20.27.52:391][966]LogGameState: Match State Changed from WaitingToStart to InProgress
[2020.09.01-20.27.52:391][966]LogLoad: Took 0.113630 seconds to LoadMap(/Game/ThirdPersonCPP/Maps/Level_1)
[2020.09.01-20.28.05:281][731]LogUMG: Display: Widget Class GameOver_C - Loaded Fast Template.
[2020.09.01-20.28.05:282][731]LogPlayerController: Error: InputMode:UIOnly - Attempting to focus Non-Focusable widget SObjectWidget [Widget.cpp(776)]!
[2020.09.01-20.28.17:380][464]LogGameMode: Display: Match State Changed from InProgress to LeavingMap
[2020.09.01-20.28.17:380][464]LogGameState: Match State Changed from InProgress to LeavingMap
[2020.09.01-20.28.17:380][464]LogNet: Browse: /Game/ThirdPersonCPP/Maps/Level_1
[2020.09.01-20.28.17:380][464]LogLoad: LoadMap: /Game/ThirdPersonCPP/Maps/Level_1
[2020.09.01-20.28.17:380][464]LogWorld: BeginTearingDown for /Game/ThirdPersonCPP/Maps/Level_1
[2020.09.01-20.28.17:382][464]LogWorld: UWorld::CleanupWorld for Level_1, bSessionEnded=true, bCleanupResources=true
[2020.09.01-20.28.17:382][464]LogSlate: InvalidateAllWidgets triggered.  All widgets were invalidated
[2020.09.01-20.28.17:389][464]LogAudioMixer: Display: No commands were queued while flushing the source manager.
[2020.09.01-20.28.17:406][464]LogUObjectHash: Compacting FUObjectHashTables data took   1.80ms
[2020.09.01-20.28.17:416][464]LogStreaming: Display: Flushing async loaders.
[2020.09.01-20.28.17:498][464]LogModelComponent: Model /Game/ThirdPersonCPP/Maps/Level_1.Level_1:PersistentLevel.ModelComponent_0 has elements that reference missing vertices. MaxVertex=3, NumVertices=0
[2020.09.01-20.28.17:498][464]LogModelComponent: Model /Game/ThirdPersonCPP/Maps/Level_1.Level_1:PersistentLevel.ModelComponent_1 has elements that reference missing vertices. MaxVertex=7, NumVertices=0
[2020.09.01-20.28.17:498][464]LogModelComponent: Model /Game/ThirdPersonCPP/Maps/Level_1.Level_1:PersistentLevel.ModelComponent_1 has elements that reference missing vertices. MaxVertex=19, NumVertices=0
[2020.09.01-20.28.17:498][464]LogModelComponent: Model /Game/ThirdPersonCPP/Maps/Level_1.Level_1:PersistentLevel.ModelComponent_2 has elements that reference missing vertices. MaxVertex=11, NumVertices=0
[2020.09.01-20.28.17:498][464]LogModelComponent: Model /Game/ThirdPersonCPP/Maps/Level_1.Level_1:PersistentLevel.ModelComponent_3 has elements that reference missing vertices. MaxVertex=15, NumVertices=0
[2020.09.01-20.28.17:498][464]LogModelComponent: Model /Game/ThirdPersonCPP/Maps/Level_1.Level_1:PersistentLevel.ModelComponent_4 has elements that reference missing vertices. MaxVertex=23, NumVertices=0
[2020.09.01-20.28.17:501][464]LogAIModule: Creating AISystem for world Level_1
[2020.09.01-20.28.17:503][464]LogLoad: Game class is 'BatteryMan_GameMode_BP_C'
[2020.09.01-20.28.17:505][464]LogWorld: Bringing World /Game/ThirdPersonCPP/Maps/Level_1.Level_1 up for play (max tick rate 0) at 2020.09.01-22.28.17
[2020.09.01-20.28.17:505][464]LogWorld: Bringing up level for play took: 0.001146
[2020.09.01-20.28.17:506][464]LogGameMode: Display: Match State Changed from EnteringMap to WaitingToStart
[2020.09.01-20.28.17:506][464]LogGameState: Match State Changed from EnteringMap to WaitingToStart
[2020.09.01-20.28.17:506][464]LogGameMode: Display: Match State Changed from WaitingToStart to InProgress
[2020.09.01-20.28.17:507][464]LogUMG: Display: Widget Class PlayerPower_UI_C - Loaded Fast Template.
[2020.09.01-20.28.17:508][464]LogUMG: Display: Widget Class Points_UI_C - Loaded Fast Template.
[2020.09.01-20.28.17:508][464]LogActor: Warning: Pool_BP_C /Game/ThirdPersonCPP/Maps/Level_1.Level_1:PersistentLevel.Pool_BP_C_2147482283 has natively added scene component(s), but none of them were set as the actor's RootComponent - picking one arbitrarily
[2020.09.01-20.28.17:508][464]LogActor: Warning: Pool_BP_C /Game/ThirdPersonCPP/Maps/Level_1.Level_1:PersistentLevel.Pool_BP_C_2147482282 has natively added scene component(s), but none of them were set as the actor's RootComponent - picking one arbitrarily
[2020.09.01-20.28.17:509][464]LogActor: Warning: Pool_BP_C /Game/ThirdPersonCPP/Maps/Level_1.Level_1:PersistentLevel.Pool_BP_C_2147482281 has natively added scene component(s), but none of them were set as the actor's RootComponent - picking one arbitrarily
[2020.09.01-20.28.17:511][464]LogGameState: Match State Changed from WaitingToStart to InProgress
[2020.09.01-20.28.17:511][464]LogLoad: Took 0.130605 seconds to LoadMap(/Game/ThirdPersonCPP/Maps/Level_1)
[2020.09.01-20.28.33:184][464]LogUMG: Display: Widget Class GameOver_C - Loaded Fast Template.
[2020.09.01-20.28.33:185][464]LogPlayerController: Error: InputMode:UIOnly - Attempting to focus Non-Focusable widget SObjectWidget [Widget.cpp(776)]!
[2020.09.01-20.28.35:955][644]LogGameMode: Display: Match State Changed from InProgress to LeavingMap
[2020.09.01-20.28.35:955][644]LogGameState: Match State Changed from InProgress to LeavingMap
[2020.09.01-20.28.35:955][644]LogNet: Browse: /Game/ThirdPersonCPP/Maps/Level_1
[2020.09.01-20.28.35:955][644]LogLoad: LoadMap: /Game/ThirdPersonCPP/Maps/Level_1
[2020.09.01-20.28.35:955][644]LogWorld: BeginTearingDown for /Game/ThirdPersonCPP/Maps/Level_1
[2020.09.01-20.28.35:957][644]LogWorld: UWorld::CleanupWorld for Level_1, bSessionEnded=true, bCleanupResources=true
[2020.09.01-20.28.35:957][644]LogSlate: InvalidateAllWidgets triggered.  All widgets were invalidated
[2020.09.01-20.28.35:963][644]LogAudioMixer: Display: No commands were queued while flushing the source manager.
[2020.09.01-20.28.35:977][644]LogUObjectHash: Compacting FUObjectHashTables data took   2.01ms
[2020.09.01-20.28.35:986][644]LogStreaming: Display: Flushing async loaders.
[2020.09.01-20.28.36:068][644]LogModelComponent: Model /Game/ThirdPersonCPP/Maps/Level_1.Level_1:PersistentLevel.ModelComponent_0 has elements that reference missing vertices. MaxVertex=3, NumVertices=0
[2020.09.01-20.28.36:068][644]LogModelComponent: Model /Game/ThirdPersonCPP/Maps/Level_1.Level_1:PersistentLevel.ModelComponent_1 has elements that reference missing vertices. MaxVertex=7, NumVertices=0
[2020.09.01-20.28.36:068][644]LogModelComponent: Model /Game/ThirdPersonCPP/Maps/Level_1.Level_1:PersistentLevel.ModelComponent_1 has elements that reference missing vertices. MaxVertex=19, NumVertices=0
[2020.09.01-20.28.36:068][644]LogModelComponent: Model /Game/ThirdPersonCPP/Maps/Level_1.Level_1:PersistentLevel.ModelComponent_2 has elements that reference missing vertices. MaxVertex=11, NumVertices=0
[2020.09.01-20.28.36:068][644]LogModelComponent: Model /Game/ThirdPersonCPP/Maps/Level_1.Level_1:PersistentLevel.ModelComponent_3 has elements that reference missing vertices. MaxVertex=15, NumVertices=0
[2020.09.01-20.28.36:068][644]LogModelComponent: Model /Game/ThirdPersonCPP/Maps/Level_1.Level_1:PersistentLevel.ModelComponent_4 has elements that reference missing vertices. MaxVertex=23, NumVertices=0
[2020.09.01-20.28.36:071][644]LogAIModule: Creating AISystem for world Level_1
[2020.09.01-20.28.36:073][644]LogLoad: Game class is 'BatteryMan_GameMode_BP_C'
[2020.09.01-20.28.36:075][644]LogWorld: Bringing World /Game/ThirdPersonCPP/Maps/Level_1.Level_1 up for play (max tick rate 0) at 2020.09.01-22.28.36
[2020.09.01-20.28.36:075][644]LogWorld: Bringing up level for play took: 0.001093
[2020.09.01-20.28.36:076][644]LogGameMode: Display: Match State Changed from EnteringMap to WaitingToStart
[2020.09.01-20.28.36:076][644]LogGameState: Match State Changed from EnteringMap to WaitingToStart
[2020.09.01-20.28.36:076][644]LogGameMode: Display: Match State Changed from WaitingToStart to InProgress
[2020.09.01-20.28.36:078][644]LogUMG: Display: Widget Class PlayerPower_UI_C - Loaded Fast Template.
[2020.09.01-20.28.36:078][644]LogUMG: Display: Widget Class Points_UI_C - Loaded Fast Template.
[2020.09.01-20.28.36:078][644]LogActor: Warning: Pool_BP_C /Game/ThirdPersonCPP/Maps/Level_1.Level_1:PersistentLevel.Pool_BP_C_2147482217 has natively added scene component(s), but none of them were set as the actor's RootComponent - picking one arbitrarily
[2020.09.01-20.28.36:079][644]LogActor: Warning: Pool_BP_C /Game/ThirdPersonCPP/Maps/Level_1.Level_1:PersistentLevel.Pool_BP_C_2147482216 has natively added scene component(s), but none of them were set as the actor's RootComponent - picking one arbitrarily
[2020.09.01-20.28.36:079][644]LogActor: Warning: Pool_BP_C /Game/ThirdPersonCPP/Maps/Level_1.Level_1:PersistentLevel.Pool_BP_C_2147482215 has natively added scene component(s), but none of them were set as the actor's RootComponent - picking one arbitrarily
[2020.09.01-20.28.36:081][644]LogGameState: Match State Changed from WaitingToStart to InProgress
[2020.09.01-20.28.36:081][644]LogLoad: Took 0.126339 seconds to LoadMap(/Game/ThirdPersonCPP/Maps/Level_1)
[2020.09.01-20.28.48:946][434]LogUMG: Display: Widget Class GameOver_C - Loaded Fast Template.
[2020.09.01-20.28.48:947][434]LogPlayerController: Error: InputMode:UIOnly - Attempting to focus Non-Focusable widget SObjectWidget [Widget.cpp(776)]!
[2020.09.01-20.28.51:633][601]LogGameMode: Display: Match State Changed from InProgress to LeavingMap
[2020.09.01-20.28.51:633][601]LogGameState: Match State Changed from InProgress to LeavingMap
[2020.09.01-20.28.51:634][601]LogNet: Browse: /Game/ThirdPersonCPP/Maps/Level_1
[2020.09.01-20.28.51:634][601]LogLoad: LoadMap: /Game/ThirdPersonCPP/Maps/Level_1
[2020.09.01-20.28.51:634][601]LogWorld: BeginTearingDown for /Game/ThirdPersonCPP/Maps/Level_1
[2020.09.01-20.28.51:635][601]LogWorld: UWorld::CleanupWorld for Level_1, bSessionEnded=true, bCleanupResources=true
[2020.09.01-20.28.51:635][601]LogSlate: InvalidateAllWidgets triggered.  All widgets were invalidated
[2020.09.01-20.28.51:641][601]LogAudioMixer: Display: No commands were queued while flushing the source manager.
[2020.09.01-20.28.51:656][601]LogUObjectHash: Compacting FUObjectHashTables data took   1.80ms
[2020.09.01-20.28.51:666][601]LogStreaming: Display: Flushing async loaders.
[2020.09.01-20.28.51:747][601]LogModelComponent: Model /Game/ThirdPersonCPP/Maps/Level_1.Level_1:PersistentLevel.ModelComponent_0 has elements that reference missing vertices. MaxVertex=3, NumVertices=0
[2020.09.01-20.28.51:748][601]LogModelComponent: Model /Game/ThirdPersonCPP/Maps/Level_1.Level_1:PersistentLevel.ModelComponent_1 has elements that reference missing vertices. MaxVertex=7, NumVertices=0
[2020.09.01-20.28.51:748][601]LogModelComponent: Model /Game/ThirdPersonCPP/Maps/Level_1.Level_1:PersistentLevel.ModelComponent_1 has elements that reference missing vertices. MaxVertex=19, NumVertices=0
[2020.09.01-20.28.51:748][601]LogModelComponent: Model /Game/ThirdPersonCPP/Maps/Level_1.Level_1:PersistentLevel.ModelComponent_2 has elements that reference missing vertices. MaxVertex=11, NumVertices=0
[2020.09.01-20.28.51:748][601]LogModelComponent: Model /Game/ThirdPersonCPP/Maps/Level_1.Level_1:PersistentLevel.ModelComponent_3 has elements that reference missing vertices. MaxVertex=15, NumVertices=0
[2020.09.01-20.28.51:748][601]LogModelComponent: Model /Game/ThirdPersonCPP/Maps/Level_1.Level_1:PersistentLevel.ModelComponent_4 has elements that reference missing vertices. MaxVertex=23, NumVertices=0
[2020.09.01-20.28.51:751][601]LogAIModule: Creating AISystem for world Level_1
[2020.09.01-20.28.51:753][601]LogLoad: Game class is 'BatteryMan_GameMode_BP_C'
[2020.09.01-20.28.51:755][601]LogWorld: Bringing World /Game/ThirdPersonCPP/Maps/Level_1.Level_1 up for play (max tick rate 0) at 2020.09.01-22.28.51
[2020.09.01-20.28.51:756][601]LogWorld: Bringing up level for play took: 0.001256
[2020.09.01-20.28.51:756][601]LogGameMode: Display: Match State Changed from EnteringMap to WaitingToStart
[2020.09.01-20.28.51:756][601]LogGameState: Match State Changed from EnteringMap to WaitingToStart
[2020.09.01-20.28.51:756][601]LogGameMode: Display: Match State Changed from WaitingToStart to InProgress
[2020.09.01-20.28.51:758][601]LogUMG: Display: Widget Class PlayerPower_UI_C - Loaded Fast Template.
[2020.09.01-20.28.51:758][601]LogUMG: Display: Widget Class Points_UI_C - Loaded Fast Template.
[2020.09.01-20.28.51:759][601]LogActor: Warning: Pool_BP_C /Game/ThirdPersonCPP/Maps/Level_1.Level_1:PersistentLevel.Pool_BP_C_2147482154 has natively added scene component(s), but none of them were set as the actor's RootComponent - picking one arbitrarily
[2020.09.01-20.28.51:759][601]LogActor: Warning: Pool_BP_C /Game/ThirdPersonCPP/Maps/Level_1.Level_1:PersistentLevel.Pool_BP_C_2147482153 has natively added scene component(s), but none of them were set as the actor's RootComponent - picking one arbitrarily
[2020.09.01-20.28.51:759][601]LogActor: Warning: Pool_BP_C /Game/ThirdPersonCPP/Maps/Level_1.Level_1:PersistentLevel.Pool_BP_C_2147482152 has natively added scene component(s), but none of them were set as the actor's RootComponent - picking one arbitrarily
[2020.09.01-20.28.51:761][601]LogGameState: Match State Changed from WaitingToStart to InProgress
[2020.09.01-20.28.51:762][601]LogLoad: Took 0.127569 seconds to LoadMap(/Game/ThirdPersonCPP/Maps/Level_1)
[2020.09.01-20.29.44:140][853]LogUMG: Display: Widget Class GameOver_C - Loaded Fast Template.
[2020.09.01-20.29.44:141][853]LogPlayerController: Error: InputMode:UIOnly - Attempting to focus Non-Focusable widget SObjectWidget [Widget.cpp(776)]!
[2020.09.01-20.29.46:282][995]LogGameMode: Display: Match State Changed from InProgress to LeavingMap
[2020.09.01-20.29.46:282][995]LogGameState: Match State Changed from InProgress to LeavingMap
[2020.09.01-20.29.46:282][995]LogNet: Browse: /Game/ThirdPersonCPP/Maps/Level_1
[2020.09.01-20.29.46:282][995]LogLoad: LoadMap: /Game/ThirdPersonCPP/Maps/Level_1
[2020.09.01-20.29.46:282][995]LogWorld: BeginTearingDown for /Game/ThirdPersonCPP/Maps/Level_1
[2020.09.01-20.29.46:284][995]LogWorld: UWorld::CleanupWorld for Level_1, bSessionEnded=true, bCleanupResources=true
[2020.09.01-20.29.46:284][995]LogSlate: InvalidateAllWidgets triggered.  All widgets were invalidated
[2020.09.01-20.29.46:289][995]LogAudioMixer: Display: No commands were queued while flushing the source manager.
[2020.09.01-20.29.46:304][995]LogUObjectHash: Compacting FUObjectHashTables data took   2.14ms
[2020.09.01-20.29.46:312][995]LogStreaming: Display: Flushing async loaders.
[2020.09.01-20.29.46:396][995]LogModelComponent: Model /Game/ThirdPersonCPP/Maps/Level_1.Level_1:PersistentLevel.ModelComponent_0 has elements that reference missing vertices. MaxVertex=3, NumVertices=0
[2020.09.01-20.29.46:396][995]LogModelComponent: Model /Game/ThirdPersonCPP/Maps/Level_1.Level_1:PersistentLevel.ModelComponent_1 has elements that reference missing vertices. MaxVertex=7, NumVertices=0
[2020.09.01-20.29.46:397][995]LogModelComponent: Model /Game/ThirdPersonCPP/Maps/Level_1.Level_1:PersistentLevel.ModelComponent_1 has elements that reference missing vertices. MaxVertex=19, NumVertices=0
[2020.09.01-20.29.46:397][995]LogModelComponent: Model /Game/ThirdPersonCPP/Maps/Level_1.Level_1:PersistentLevel.ModelComponent_2 has elements that reference missing vertices. MaxVertex=11, NumVertices=0
[2020.09.01-20.29.46:397][995]LogModelComponent: Model /Game/ThirdPersonCPP/Maps/Level_1.Level_1:PersistentLevel.ModelComponent_3 has elements that reference missing vertices. MaxVertex=15, NumVertices=0
[2020.09.01-20.29.46:397][995]LogModelComponent: Model /Game/ThirdPersonCPP/Maps/Level_1.Level_1:PersistentLevel.ModelComponent_4 has elements that reference missing vertices. MaxVertex=23, NumVertices=0
[2020.09.01-20.29.46:400][995]LogAIModule: Creating AISystem for world Level_1
[2020.09.01-20.29.46:403][995]LogLoad: Game class is 'BatteryMan_GameMode_BP_C'
[2020.09.01-20.29.46:405][995]LogWorld: Bringing World /Game/ThirdPersonCPP/Maps/Level_1.Level_1 up for play (max tick rate 0) at 2020.09.01-22.29.46
[2020.09.01-20.29.46:405][995]LogWorld: Bringing up level for play took: 0.001163
[2020.09.01-20.29.46:406][995]LogGameMode: Display: Match State Changed from EnteringMap to WaitingToStart
[2020.09.01-20.29.46:406][995]LogGameState: Match State Changed from EnteringMap to WaitingToStart
[2020.09.01-20.29.46:406][995]LogGameMode: Display: Match State Changed from WaitingToStart to InProgress
[2020.09.01-20.29.46:408][995]LogUMG: Display: Widget Class PlayerPower_UI_C - Loaded Fast Template.
[2020.09.01-20.29.46:408][995]LogUMG: Display: Widget Class Points_UI_C - Loaded Fast Template.
[2020.09.01-20.29.46:409][995]LogActor: Warning: Pool_BP_C /Game/ThirdPersonCPP/Maps/Level_1.Level_1:PersistentLevel.Pool_BP_C_2147482090 has natively added scene component(s), but none of them were set as the actor's RootComponent - picking one arbitrarily
[2020.09.01-20.29.46:409][995]LogActor: Warning: Pool_BP_C /Game/ThirdPersonCPP/Maps/Level_1.Level_1:PersistentLevel.Pool_BP_C_2147482089 has natively added scene component(s), but none of them were set as the actor's RootComponent - picking one arbitrarily
[2020.09.01-20.29.46:410][995]LogActor: Warning: Pool_BP_C /Game/ThirdPersonCPP/Maps/Level_1.Level_1:PersistentLevel.Pool_BP_C_2147482088 has natively added scene component(s), but none of them were set as the actor's RootComponent - picking one arbitrarily
[2020.09.01-20.29.46:412][995]LogGameState: Match State Changed from WaitingToStart to InProgress
[2020.09.01-20.29.46:413][995]LogLoad: Took 0.131157 seconds to LoadMap(/Game/ThirdPersonCPP/Maps/Level_1)
[2020.09.01-20.32.09:658][998]LogUMG: Display: Widget Class GameOver_C - Loaded Fast Template.
[2020.09.01-20.32.09:659][998]LogPlayerController: Error: InputMode:UIOnly - Attempting to focus Non-Focusable widget SObjectWidget [Widget.cpp(776)]!
[2020.09.01-20.32.10:513][ 55]Closing by request
[2020.09.01-20.32.10:513][ 55]LogWindows: FPlatformMisc::RequestExit(0)
[2020.09.01-20.32.10:513][ 55]LogCore: Engine exit requested (reason: Win RequestExit)
[2020.09.01-20.32.10:528][ 56]LogCore: Engine exit requested (reason: EngineExit() was called; note: exit was already requested)
[2020.09.01-20.32.10:599][ 56]LogAudioMixer: Display: No commands were queued while flushing the source manager.
