Log file open, 08/30/20 13:56:34
LogWindows: Failed to load 'aqProf.dll' (GetLastError=126)
LogWindows: File 'aqProf.dll' does not exist
LogWindows: Failed to load 'VtuneApi.dll' (GetLastError=126)
LogWindows: File 'VtuneApi.dll' does not exist
LogWindows: Failed to load 'VtuneApi32e.dll' (GetLastError=126)
LogWindows: File 'VtuneApi32e.dll' does not exist
LogConsoleResponse: Display: Failed to find resolution value strings in scalability ini. Falling back to default.
LogPakFile: Display: Found Pak file ../../../BatteryMan/Content/Paks/BatteryMan-WindowsNoEditor.pak attempting to mount.
LogPakFile: Display: Mounting pak file ../../../BatteryMan/Content/Paks/BatteryMan-WindowsNoEditor.pak.
LogPlatformFile: Not using cached read wrapper
LogTaskGraph: Started task graph with 5 named threads and 23 total threads with 3 sets of task threads.
LogStats: Stats thread started at 0.129585
LogD3D11RHI: Loaded GFSDK_Aftermath_Lib.x64.dll
LogICUInternationalization: ICU TimeZone Detection - Raw Offset: +1:00, Platform Override: ''
LogPluginManager: Mounting plugin Paper2D
LogPluginManager: Mounting plugin AISupport
LogPluginManager: Mounting plugin LightPropagationVolume
LogPluginManager: Mounting plugin AnimationSharing
LogPluginManager: Mounting plugin SignificanceManager
LogPluginManager: Mounting plugin UObjectPlugin
LogPluginManager: Mounting plugin AssetManagerEditor
LogPluginManager: Mounting plugin FacialAnimation
LogPluginManager: Mounting plugin DatasmithContent
LogPluginManager: Mounting plugin VariantManagerContent
LogPluginManager: Mounting plugin AlembicImporter
LogPluginManager: Mounting plugin GeometryCache
LogPluginManager: Mounting plugin AutomationUtils
LogPluginManager: Mounting plugin ScreenshotTools
LogPluginManager: Mounting plugin BackChannel
LogPluginManager: Mounting plugin CharacterAI
LogPluginManager: Mounting plugin PlatformCrypto
LogPluginManager: Mounting plugin MagicLeap
LogPluginManager: Mounting plugin MLSDK
LogPluginManager: Mounting plugin AvfMedia
LogPluginManager: Mounting plugin ImgMedia
LogPluginManager: Mounting plugin MediaCompositing
LogPluginManager: Mounting plugin WmfMedia
LogPluginManager: Mounting plugin TcpMessaging
LogPluginManager: Mounting plugin UdpMessaging
LogPluginManager: Mounting plugin ActorSequence
LogPluginManager: Mounting plugin NetcodeUnitTest
LogPluginManager: Mounting plugin OnlineSubsystemNull
LogPluginManager: Mounting plugin OnlineSubsystem
LogPluginManager: Mounting plugin OnlineSubsystemUtils
LogPluginManager: Mounting plugin LauncherChunkInstaller
LogPluginManager: Mounting plugin AndroidPermission
LogPluginManager: Mounting plugin AppleImageUtils
LogPluginManager: Mounting plugin ArchVisCharacter
LogPluginManager: Mounting plugin AssetTags
LogPluginManager: Mounting plugin AudioCapture
LogPluginManager: Mounting plugin CableComponent
LogPluginManager: Mounting plugin CustomMeshComponent
LogPluginManager: Mounting plugin EditableMesh
LogPluginManager: Mounting plugin ExampleDeviceProfileSelector
LogPluginManager: Mounting plugin LocationServicesBPLibrary
LogPluginManager: Mounting plugin MobilePatchingUtils
LogPluginManager: Mounting plugin OculusVR
LogPluginManager: Mounting plugin ProceduralMeshComponent
LogPluginManager: Mounting plugin PhysXVehicles
LogPluginManager: Mounting plugin RuntimePhysXCooking
LogPluginManager: Mounting plugin SteamVR
LogPluginManager: Mounting plugin WebMMoviePlayer
LogPluginManager: Mounting plugin WebMMedia
LogPluginManager: Mounting plugin WindowsMoviePlayer
LogInit: Using libcurl 7.55.1-DEV
LogInit:  - built for x86_64-pc-win32
LogInit:  - supports SSL with OpenSSL/1.1.1
LogInit:  - supports HTTP deflate (compression) using libz 1.2.8
LogInit:  - other features:
LogInit:      CURL_VERSION_SSL
LogInit:      CURL_VERSION_LIBZ
LogInit:      CURL_VERSION_IPV6
LogInit:      CURL_VERSION_ASYNCHDNS
LogInit:      CURL_VERSION_LARGEFILE
LogInit:      CURL_VERSION_IDN
LogInit:  CurlRequestOptions (configurable via config and command line):
LogInit:  - bVerifyPeer = true  - Libcurl will verify peer certificate
LogInit:  - bUseHttpProxy = false  - Libcurl will NOT use HTTP proxy
LogInit:  - bDontReuseConnections = false  - Libcurl will reuse connections
LogInit:  - MaxHostConnections = 16  - Libcurl will limit the number of connections to a host
LogInit:  - LocalHostAddr = Default
LogInit:  - BufferSize = 65536
LogOnline: OSS: Creating online subsystem instance for: NULL
LogInit: WinSock: version 1.1 (2.2), MaxSocks=32767, MaxUdp=65467
LogOnline: OSS: TryLoadSubsystemAndSetDefault: Loaded subsystem for module [NULL]
LogInit: Build: ++UE4+Release-4.24-CL-10757647
LogInit: Engine Version: 4.24.1-10757647+++UE4+Release-4.24
LogInit: Compatible Engine Version: 4.24.0-10570792+++UE4+Release-4.24
LogInit: Net CL: 10570792
LogInit: OS: Windows 10 (Release 1803) (), CPU: Intel(R) Core(TM) i7-4720HQ CPU @ 2.60GHz, GPU: Intel(R) HD Graphics 4600
LogInit: Compiled (64-bit): Dec 17 2019 02:13:34
LogInit: Compiled with Visual C++: 19.16.27032.01
LogInit: Build Configuration: Development
LogInit: Branch Name: ++UE4+Release-4.24
LogInit: Command Line: 
LogInit: Base Directory: C:/Users/pawel/Documents/Unreal Projects/BatteryManGame/WindowsNoEditor/BatteryMan/Binaries/Win64/
LogInit: Installed Engine Build: 0
LogDevObjectVersion: Number of dev versions registered: 25
LogDevObjectVersion:   Dev-Blueprints (B0D832E4-1F89-4F0D-ACCF-7EB736FD4AA2): 10
LogDevObjectVersion:   Dev-Build (E1C64328-A22C-4D53-A36C-8E866417BD8C): 0
LogDevObjectVersion:   Dev-Core (375EC13C-06E4-48FB-B500-84F0262A717E): 3
LogDevObjectVersion:   Dev-Editor (E4B068ED-F494-42E9-A231-DA0B2E46BB41): 37
LogDevObjectVersion:   Dev-Framework (CFFC743F-43B0-4480-9391-14DF171D2073): 36
LogDevObjectVersion:   Dev-Mobile (B02B49B5-BB20-44E9-A304-32B752E40360): 2
LogDevObjectVersion:   Dev-Networking (A4E4105C-59A1-49B5-A7C5-40C4547EDFEE): 0
LogDevObjectVersion:   Dev-Online (39C831C9-5AE6-47DC-9A44-9C173E1C8E7C): 0
LogDevObjectVersion:   Dev-Physics (78F01B33-EBEA-4F98-B9B4-84EACCB95AA2): 2
LogDevObjectVersion:   Dev-Platform (6631380F-2D4D-43E0-8009-CF276956A95A): 0
LogDevObjectVersion:   Dev-Rendering (12F88B9F-8875-4AFC-A67C-D90C383ABD29): 36
LogDevObjectVersion:   Dev-Sequencer (7B5AE74C-D270-4C10-A958-57980B212A5A): 11
LogDevObjectVersion:   Dev-VR (D7296918-1DD6-4BDD-9DE2-64A83CC13884): 2
LogDevObjectVersion:   Dev-LoadTimes (C2A15278-BFE7-4AFE-6C17-90FF531DF755): 1
LogDevObjectVersion:   Private-Geometry (6EACA3D4-40EC-4CC1-B786-8BED09428FC5): 3
LogDevObjectVersion:   Dev-AnimPhys (29E575DD-E0A3-4627-9D10-D276232CDCEA): 17
LogDevObjectVersion:   Dev-Anim (AF43A65D-7FD3-4947-9873-3E8ED9C1BB05): 2
LogDevObjectVersion:   Dev-ReflectionCapture (6B266CEC-1EC7-4B8F-A30B-E4D90942FC07): 1
LogDevObjectVersion:   Dev-Automation (0DF73D61-A23F-47EA-B727-89E90C41499A): 1
LogDevObjectVersion:   FortniteMain (601D1886-AC64-4F84-AA16-D3DE0DEAC7D6): 31
LogDevObjectVersion:   Dev-Enterprise (9DFFBCD6-494F-0158-E221-12823C92A888): 8
LogDevObjectVersion:   Dev-Niagara (F2AED0AC-9AFE-416F-8664-AA7FFA26D6FC): 1
LogDevObjectVersion:   Dev-Destruction (174F1F0B-B4C6-45A5-B13F-2EE8D0FB917D): 9
LogDevObjectVersion:   Dev-Physics-Ext (35F94A83-E258-406C-A318-09F59610247C): 8
LogDevObjectVersion:   Dev-CineCamera (B2E18506-4273-CFC2-A54E-F4BB758BBA07): 1
LogInit: Presizing for max 2097152 objects, including 1 objects not considered by GC, pre-allocating 0 bytes for permanent pool.
LogStreaming: Display: Async Loading initialized: Event Driven Loader: true, Async Loading Thread: false, Async Post Load: true
LogInit: Object subsystem initialized
LogConfig: Setting CVar [[con.DebugEarlyDefault:1]]
LogConfig: Setting CVar [[r.setres:1280x720]]
[2020.08.30-11.56.34:500][  0]LogConfig: Setting CVar [[con.DebugEarlyDefault:1]]
[2020.08.30-11.56.34:500][  0]LogConfig: Setting CVar [[r.setres:1280x720]]
[2020.08.30-11.56.34:500][  0]LogConfig: Applying CVar settings from Section [/Script/Engine.RendererSettings] File [../../../BatteryMan/Saved/Config/WindowsNoEditor/Engine.ini]
[2020.08.30-11.56.34:500][  0]LogConfig: Setting CVar [[r.GPUCrashDebugging:0]]
[2020.08.30-11.56.34:500][  0]LogConfig: Setting CVar [[r.ReflectionCaptureResolution:64]]
[2020.08.30-11.56.34:500][  0]LogConfig: Applying CVar settings from Section [/Script/Engine.RendererOverrideSettings] File [../../../BatteryMan/Saved/Config/WindowsNoEditor/Engine.ini]
[2020.08.30-11.56.34:500][  0]LogConfig: Applying CVar settings from Section [/Script/Engine.StreamingSettings] File [../../../BatteryMan/Saved/Config/WindowsNoEditor/Engine.ini]
[2020.08.30-11.56.34:500][  0]LogConfig: Setting CVar [[s.MinBulkDataSizeForAsyncLoading:131072]]
[2020.08.30-11.56.34:500][  0]LogConfig: Setting CVar [[s.AsyncLoadingThreadEnabled:0]]
[2020.08.30-11.56.34:500][  0]LogConfig: Setting CVar [[s.EventDrivenLoaderEnabled:1]]
[2020.08.30-11.56.34:500][  0]LogConfig: Setting CVar [[s.WarnIfTimeLimitExceeded:0]]
[2020.08.30-11.56.34:500][  0]LogConfig: Setting CVar [[s.TimeLimitExceededMultiplier:1.5]]
[2020.08.30-11.56.34:500][  0]LogConfig: Setting CVar [[s.TimeLimitExceededMinTime:0.005]]
[2020.08.30-11.56.34:501][  0]LogConfig: Setting CVar [[s.UseBackgroundLevelStreaming:1]]
[2020.08.30-11.56.34:501][  0]LogConfig: Setting CVar [[s.PriorityAsyncLoadingExtraTime:15.0]]
[2020.08.30-11.56.34:501][  0]LogConfig: Setting CVar [[s.LevelStreamingActorsUpdateTimeLimit:5.0]]
[2020.08.30-11.56.34:501][  0]LogConfig: Setting CVar [[s.PriorityLevelStreamingActorsUpdateExtraTime:5.0]]
[2020.08.30-11.56.34:501][  0]LogConfig: Setting CVar [[s.LevelStreamingComponentsRegistrationGranularity:10]]
[2020.08.30-11.56.34:501][  0]LogConfig: Setting CVar [[s.UnregisterComponentsTimeLimit:1.0]]
[2020.08.30-11.56.34:501][  0]LogConfig: Setting CVar [[s.LevelStreamingComponentsUnregistrationGranularity:5]]
[2020.08.30-11.56.34:501][  0]LogConfig: Setting CVar [[s.FlushStreamingOnExit:1]]
[2020.08.30-11.56.34:501][  0]LogConfig: Applying CVar settings from Section [/Script/Engine.GarbageCollectionSettings] File [../../../BatteryMan/Saved/Config/WindowsNoEditor/Engine.ini]
[2020.08.30-11.56.34:501][  0]LogConfig: Setting CVar [[gc.MaxObjectsNotConsideredByGC:1]]
[2020.08.30-11.56.34:501][  0]LogConfig: Setting CVar [[gc.SizeOfPermanentObjectPool:0]]
[2020.08.30-11.56.34:501][  0]LogConfig: Setting CVar [[gc.FlushStreamingOnGC:0]]
[2020.08.30-11.56.34:501][  0]LogConfig: Setting CVar [[gc.NumRetriesBeforeForcingGC:10]]
[2020.08.30-11.56.34:501][  0]LogConfig: Setting CVar [[gc.AllowParallelGC:1]]
[2020.08.30-11.56.34:501][  0]LogConfig: Setting CVar [[gc.TimeBetweenPurgingPendingKillObjects:61.1]]
[2020.08.30-11.56.34:501][  0]LogConfig: Setting CVar [[gc.MaxObjectsInEditor:25165824]]
[2020.08.30-11.56.34:501][  0]LogConfig: Setting CVar [[gc.IncrementalBeginDestroyEnabled:1]]
[2020.08.30-11.56.34:502][  0]LogConfig: Setting CVar [[gc.CreateGCClusters:1]]
[2020.08.30-11.56.34:502][  0]LogConfig: Setting CVar [[gc.MinGCClusterSize:5]]
[2020.08.30-11.56.34:502][  0]LogConfig: Setting CVar [[gc.ActorClusteringEnabled:0]]
[2020.08.30-11.56.34:502][  0]LogConfig: Setting CVar [[gc.BlueprintClusteringEnabled:0]]
[2020.08.30-11.56.34:502][  0]LogConfig: Setting CVar [[gc.UseDisregardForGCOnDedicatedServers:0]]
[2020.08.30-11.56.34:502][  0]LogConfig: Applying CVar settings from Section [/Script/Engine.NetworkSettings] File [../../../BatteryMan/Saved/Config/WindowsNoEditor/Engine.ini]
[2020.08.30-11.56.34:513][  0]LogConfig: Applying CVar settings from Section [ViewDistanceQuality@3] File [../../../BatteryMan/Saved/Config/WindowsNoEditor/Scalability.ini]
[2020.08.30-11.56.34:513][  0]LogConfig: Setting CVar [[r.SkeletalMeshLODBias:0]]
[2020.08.30-11.56.34:513][  0]LogConfig: Setting CVar [[r.ViewDistanceScale:1.0]]
[2020.08.30-11.56.34:514][  0]LogConfig: Applying CVar settings from Section [AntiAliasingQuality@3] File [../../../BatteryMan/Saved/Config/WindowsNoEditor/Scalability.ini]
[2020.08.30-11.56.34:514][  0]LogConfig: Setting CVar [[r.PostProcessAAQuality:4]]
[2020.08.30-11.56.34:514][  0]LogConfig: Applying CVar settings from Section [ShadowQuality@3] File [../../../BatteryMan/Saved/Config/WindowsNoEditor/Scalability.ini]
[2020.08.30-11.56.34:514][  0]LogConfig: Setting CVar [[r.LightFunctionQuality:1]]
[2020.08.30-11.56.34:514][  0]LogConfig: Setting CVar [[r.ShadowQuality:5]]
[2020.08.30-11.56.34:514][  0]LogConfig: Setting CVar [[r.Shadow.CSM.MaxCascades:10]]
[2020.08.30-11.56.34:514][  0]LogConfig: Setting CVar [[r.Shadow.MaxResolution:2048]]
[2020.08.30-11.56.34:514][  0]LogConfig: Setting CVar [[r.Shadow.MaxCSMResolution:2048]]
[2020.08.30-11.56.34:514][  0]LogConfig: Setting CVar [[r.Shadow.RadiusThreshold:0.01]]
[2020.08.30-11.56.34:514][  0]LogConfig: Setting CVar [[r.Shadow.DistanceScale:1.0]]
[2020.08.30-11.56.34:514][  0]LogConfig: Setting CVar [[r.Shadow.CSM.TransitionScale:1.0]]
[2020.08.30-11.56.34:514][  0]LogConfig: Setting CVar [[r.Shadow.PreShadowResolutionFactor:1.0]]
[2020.08.30-11.56.34:514][  0]LogConfig: Setting CVar [[r.DistanceFieldShadowing:1]]
[2020.08.30-11.56.34:514][  0]LogConfig: Setting CVar [[r.DistanceFieldAO:1]]
[2020.08.30-11.56.34:514][  0]LogConfig: Setting CVar [[r.AOQuality:2]]
[2020.08.30-11.56.34:515][  0]LogConfig: Setting CVar [[r.VolumetricFog:1]]
[2020.08.30-11.56.34:515][  0]LogConfig: Setting CVar [[r.VolumetricFog.GridPixelSize:8]]
[2020.08.30-11.56.34:515][  0]LogConfig: Setting CVar [[r.VolumetricFog.GridSizeZ:128]]
[2020.08.30-11.56.34:515][  0]LogConfig: Setting CVar [[r.VolumetricFog.HistoryMissSupersampleCount:4]]
[2020.08.30-11.56.34:515][  0]LogConfig: Setting CVar [[r.LightMaxDrawDistanceScale:1]]
[2020.08.30-11.56.34:515][  0]LogConfig: Setting CVar [[r.CapsuleShadows:1]]
[2020.08.30-11.56.34:515][  0]LogConfig: Applying CVar settings from Section [PostProcessQuality@3] File [../../../BatteryMan/Saved/Config/WindowsNoEditor/Scalability.ini]
[2020.08.30-11.56.34:515][  0]LogConfig: Setting CVar [[r.MotionBlurQuality:4]]
[2020.08.30-11.56.34:515][  0]LogConfig: Setting CVar [[r.AmbientOcclusionMipLevelFactor:0.4]]
[2020.08.30-11.56.34:515][  0]LogConfig: Setting CVar [[r.AmbientOcclusionMaxQuality:100]]
[2020.08.30-11.56.34:515][  0]LogConfig: Setting CVar [[r.AmbientOcclusionLevels:-1]]
[2020.08.30-11.56.34:515][  0]LogConfig: Setting CVar [[r.AmbientOcclusionRadiusScale:1.0]]
[2020.08.30-11.56.34:515][  0]LogConfig: Setting CVar [[r.DepthOfFieldQuality:2]]
[2020.08.30-11.56.34:515][  0]LogConfig: Setting CVar [[r.RenderTargetPoolMin:400]]
[2020.08.30-11.56.34:515][  0]LogConfig: Setting CVar [[r.LensFlareQuality:2]]
[2020.08.30-11.56.34:515][  0]LogConfig: Setting CVar [[r.SceneColorFringeQuality:1]]
[2020.08.30-11.56.34:515][  0]LogConfig: Setting CVar [[r.EyeAdaptationQuality:2]]
[2020.08.30-11.56.34:516][  0]LogConfig: Setting CVar [[r.BloomQuality:5]]
[2020.08.30-11.56.34:516][  0]LogConfig: Setting CVar [[r.FastBlurThreshold:100]]
[2020.08.30-11.56.34:516][  0]LogConfig: Setting CVar [[r.Upscale.Quality:3]]
[2020.08.30-11.56.34:516][  0]LogConfig: Setting CVar [[r.Tonemapper.GrainQuantization:1]]
[2020.08.30-11.56.34:516][  0]LogConfig: Setting CVar [[r.LightShaftQuality:1]]
[2020.08.30-11.56.34:516][  0]LogConfig: Setting CVar [[r.Filter.SizeScale:1]]
[2020.08.30-11.56.34:516][  0]LogConfig: Setting CVar [[r.Tonemapper.Quality:5]]
[2020.08.30-11.56.34:516][  0]LogConfig: Setting CVar [[r.DOF.Gather.AccumulatorQuality:1        ; higher gathering accumulator quality]]
[2020.08.30-11.56.34:516][  0]LogConfig: Setting CVar [[r.DOF.Gather.PostfilterMethod:1          ; Median3x3 postfilering method]]
[2020.08.30-11.56.34:516][  0]LogConfig: Setting CVar [[r.DOF.Gather.EnableBokehSettings:0       ; no bokeh simulation when gathering]]
[2020.08.30-11.56.34:516][  0]LogConfig: Setting CVar [[r.DOF.Gather.RingCount:4                 ; medium number of samples when gathering]]
[2020.08.30-11.56.34:516][  0]LogConfig: Setting CVar [[r.DOF.Scatter.ForegroundCompositing:1    ; additive foreground scattering]]
[2020.08.30-11.56.34:516][  0]LogConfig: Setting CVar [[r.DOF.Scatter.BackgroundCompositing:2    ; additive background scattering]]
[2020.08.30-11.56.34:516][  0]LogConfig: Setting CVar [[r.DOF.Scatter.EnableBokehSettings:1      ; bokeh simulation when scattering]]
[2020.08.30-11.56.34:516][  0]LogConfig: Setting CVar [[r.DOF.Scatter.MaxSpriteRatio:0.1         ; only a maximum of 10% of scattered bokeh]]
[2020.08.30-11.56.34:516][  0]LogConfig: Setting CVar [[r.DOF.Recombine.Quality:1                ; cheap slight out of focus]]
[2020.08.30-11.56.34:516][  0]LogConfig: Setting CVar [[r.DOF.Recombine.EnableBokehSettings:0    ; no bokeh simulation on slight out of focus]]
[2020.08.30-11.56.34:516][  0]LogConfig: Setting CVar [[r.DOF.TemporalAAQuality:1                ; more stable temporal accumulation]]
[2020.08.30-11.56.34:517][  0]LogConfig: Setting CVar [[r.DOF.Kernel.MaxForegroundRadius:0.025]]
[2020.08.30-11.56.34:517][  0]LogConfig: Setting CVar [[r.DOF.Kernel.MaxBackgroundRadius:0.025]]
[2020.08.30-11.56.34:517][  0]LogConfig: Applying CVar settings from Section [TextureQuality@3] File [../../../BatteryMan/Saved/Config/WindowsNoEditor/Scalability.ini]
[2020.08.30-11.56.34:517][  0]LogConfig: Setting CVar [[r.Streaming.MipBias:0]]
[2020.08.30-11.56.34:517][  0]LogConfig: Setting CVar [[r.Streaming.AmortizeCPUToGPUCopy:0]]
[2020.08.30-11.56.34:517][  0]LogConfig: Setting CVar [[r.Streaming.MaxNumTexturesToStreamPerFrame:0]]
[2020.08.30-11.56.34:517][  0]LogConfig: Setting CVar [[r.Streaming.Boost:1]]
[2020.08.30-11.56.34:517][  0]LogConfig: Setting CVar [[r.MaxAnisotropy:8]]
[2020.08.30-11.56.34:517][  0]LogConfig: Setting CVar [[r.VT.MaxAnisotropy:8]]
[2020.08.30-11.56.34:517][  0]LogConfig: Setting CVar [[r.Streaming.LimitPoolSizeToVRAM:0]]
[2020.08.30-11.56.34:517][  0]LogConfig: Setting CVar [[r.Streaming.PoolSize:1000]]
[2020.08.30-11.56.34:517][  0]LogConfig: Setting CVar [[r.Streaming.MaxEffectiveScreenSize:0]]
[2020.08.30-11.56.34:517][  0]LogConfig: Applying CVar settings from Section [EffectsQuality@3] File [../../../BatteryMan/Saved/Config/WindowsNoEditor/Scalability.ini]
[2020.08.30-11.56.34:517][  0]LogConfig: Setting CVar [[r.TranslucencyLightingVolumeDim:64]]
[2020.08.30-11.56.34:517][  0]LogConfig: Setting CVar [[r.RefractionQuality:2]]
[2020.08.30-11.56.34:517][  0]LogConfig: Setting CVar [[r.SSR.Quality:3]]
[2020.08.30-11.56.34:517][  0]LogConfig: Setting CVar [[r.SSR.HalfResSceneColor:0]]
[2020.08.30-11.56.34:517][  0]LogConfig: Setting CVar [[r.SceneColorFormat:4]]
[2020.08.30-11.56.34:518][  0]LogConfig: Setting CVar [[r.DetailMode:2]]
[2020.08.30-11.56.34:518][  0]LogConfig: Setting CVar [[r.TranslucencyVolumeBlur:1]]
[2020.08.30-11.56.34:518][  0]LogConfig: Setting CVar [[r.MaterialQualityLevel:1 ; High quality]]
[2020.08.30-11.56.34:518][  0]LogConfig: Setting CVar [[r.SSS.Scale:1]]
[2020.08.30-11.56.34:518][  0]LogConfig: Setting CVar [[r.SSS.SampleSet:2]]
[2020.08.30-11.56.34:518][  0]LogConfig: Setting CVar [[r.SSS.Quality:1]]
[2020.08.30-11.56.34:518][  0]LogConfig: Setting CVar [[r.SSS.HalfRes:1]]
[2020.08.30-11.56.34:518][  0]LogConfig: Setting CVar [[r.SSGI.Quality:3]]
[2020.08.30-11.56.34:518][  0]LogConfig: Setting CVar [[r.EmitterSpawnRateScale:1.0]]
[2020.08.30-11.56.34:518][  0]LogConfig: Setting CVar [[r.ParticleLightQuality:2]]
[2020.08.30-11.56.34:518][  0]LogConfig: Setting CVar [[r.SkyAtmosphere.AerialPerspectiveLUT.FastApplyOnOpaque:1 ; Always have FastSkyLUT 1 in this case to avoid wrong sky]]
[2020.08.30-11.56.34:518][  0]LogConfig: Setting CVar [[r.SkyAtmosphere.AerialPerspectiveLUT.SampleCountPerSlice:1]]
[2020.08.30-11.56.34:518][  0]LogConfig: Setting CVar [[r.SkyAtmosphere.AerialPerspectiveLUT.DepthResolution:16.0]]
[2020.08.30-11.56.34:518][  0]LogConfig: Setting CVar [[r.SkyAtmosphere.FastSkyLUT:1]]
[2020.08.30-11.56.34:518][  0]LogConfig: Setting CVar [[r.SkyAtmosphere.FastSkyLUT.SampleCountMin:4.0]]
[2020.08.30-11.56.34:518][  0]LogConfig: Setting CVar [[r.SkyAtmosphere.FastSkyLUT.SampleCountMax:32.0]]
[2020.08.30-11.56.34:518][  0]LogConfig: Setting CVar [[r.SkyAtmosphere.SampleCountMin:4.0]]
[2020.08.30-11.56.34:518][  0]LogConfig: Setting CVar [[r.SkyAtmosphere.SampleCountMax:32.0]]
[2020.08.30-11.56.34:518][  0]LogConfig: Setting CVar [[r.SkyAtmosphere.TransmittanceLUT.UseSmallFormat:0]]
[2020.08.30-11.56.34:519][  0]LogConfig: Setting CVar [[r.SkyAtmosphere.TransmittanceLUT.SampleCount:10.0]]
[2020.08.30-11.56.34:519][  0]LogConfig: Setting CVar [[r.SkyAtmosphere.MultiScatteringLUT.SampleCount:15.0]]
[2020.08.30-11.56.34:519][  0]LogConfig: Applying CVar settings from Section [FoliageQuality@3] File [../../../BatteryMan/Saved/Config/WindowsNoEditor/Scalability.ini]
[2020.08.30-11.56.34:519][  0]LogConfig: Setting CVar [[foliage.DensityScale:1.0]]
[2020.08.30-11.56.34:519][  0]LogConfig: Setting CVar [[grass.DensityScale:1.0]]
[2020.08.30-11.56.34:519][  0]LogConfig: Applying CVar settings from Section [ShadingQuality@3] File [../../../BatteryMan/Saved/Config/WindowsNoEditor/Scalability.ini]
[2020.08.30-11.56.34:519][  0]LogConfig: Setting CVar [[r.HairStrands.SkyLighting.SampleCount:16]]
[2020.08.30-11.56.34:519][  0]LogConfig: Setting CVar [[r.HairStrands.SkyLighting.JitterIntegration:0]]
[2020.08.30-11.56.34:519][  0]LogConfig: Setting CVar [[r.HairStrands.SkyAO.SampleCount:16]]
[2020.08.30-11.56.34:519][  0]LogInit: Selected Device Profile: [WindowsNoEditor]
[2020.08.30-11.56.34:519][  0]LogInit: Applying CVar settings loaded from the selected device profile: [WindowsNoEditor]
[2020.08.30-11.56.34:531][  0]LogHAL: Display: Platform has ~ 16 GB [17092161536 / 17179869184 / 16], which maps to Larger [LargestMinGB=32, LargerMinGB=12, DefaultMinGB=8, SmallerMinGB=6, SmallestMinGB=0)
[2020.08.30-11.56.34:531][  0]LogInit: Going up to parent DeviceProfile [Windows]
[2020.08.30-11.56.34:531][  0]LogInit: Going up to parent DeviceProfile []
[2020.08.30-11.56.34:531][  0]LogConfig: Applying CVar settings from Section [ViewDistanceQuality@3] File [../../../BatteryMan/Saved/Config/WindowsNoEditor/Scalability.ini]
[2020.08.30-11.56.34:531][  0]LogConfig: Setting CVar [[r.SkeletalMeshLODBias:0]]
[2020.08.30-11.56.34:531][  0]LogConfig: Setting CVar [[r.ViewDistanceScale:1.0]]
[2020.08.30-11.56.34:531][  0]LogConfig: Applying CVar settings from Section [AntiAliasingQuality@3] File [../../../BatteryMan/Saved/Config/WindowsNoEditor/Scalability.ini]
[2020.08.30-11.56.34:531][  0]LogConfig: Setting CVar [[r.PostProcessAAQuality:4]]
[2020.08.30-11.56.34:531][  0]LogConfig: Applying CVar settings from Section [ShadowQuality@3] File [../../../BatteryMan/Saved/Config/WindowsNoEditor/Scalability.ini]
[2020.08.30-11.56.34:532][  0]LogConfig: Setting CVar [[r.LightFunctionQuality:1]]
[2020.08.30-11.56.34:532][  0]LogConfig: Setting CVar [[r.ShadowQuality:5]]
[2020.08.30-11.56.34:532][  0]LogConfig: Setting CVar [[r.Shadow.CSM.MaxCascades:10]]
[2020.08.30-11.56.34:532][  0]LogConfig: Setting CVar [[r.Shadow.MaxResolution:2048]]
[2020.08.30-11.56.34:532][  0]LogConfig: Setting CVar [[r.Shadow.MaxCSMResolution:2048]]
[2020.08.30-11.56.34:532][  0]LogConfig: Setting CVar [[r.Shadow.RadiusThreshold:0.01]]
[2020.08.30-11.56.34:532][  0]LogConfig: Setting CVar [[r.Shadow.DistanceScale:1.0]]
[2020.08.30-11.56.34:532][  0]LogConfig: Setting CVar [[r.Shadow.CSM.TransitionScale:1.0]]
[2020.08.30-11.56.34:532][  0]LogConfig: Setting CVar [[r.Shadow.PreShadowResolutionFactor:1.0]]
[2020.08.30-11.56.34:532][  0]LogConfig: Setting CVar [[r.DistanceFieldShadowing:1]]
[2020.08.30-11.56.34:532][  0]LogConfig: Setting CVar [[r.DistanceFieldAO:1]]
[2020.08.30-11.56.34:532][  0]LogConfig: Setting CVar [[r.AOQuality:2]]
[2020.08.30-11.56.34:532][  0]LogConfig: Setting CVar [[r.VolumetricFog:1]]
[2020.08.30-11.56.34:532][  0]LogConfig: Setting CVar [[r.VolumetricFog.GridPixelSize:8]]
[2020.08.30-11.56.34:532][  0]LogConfig: Setting CVar [[r.VolumetricFog.GridSizeZ:128]]
[2020.08.30-11.56.34:532][  0]LogConfig: Setting CVar [[r.VolumetricFog.HistoryMissSupersampleCount:4]]
[2020.08.30-11.56.34:532][  0]LogConfig: Setting CVar [[r.LightMaxDrawDistanceScale:1]]
[2020.08.30-11.56.34:532][  0]LogConfig: Setting CVar [[r.CapsuleShadows:1]]
[2020.08.30-11.56.34:533][  0]LogConfig: Applying CVar settings from Section [PostProcessQuality@3] File [../../../BatteryMan/Saved/Config/WindowsNoEditor/Scalability.ini]
[2020.08.30-11.56.34:533][  0]LogConfig: Setting CVar [[r.MotionBlurQuality:4]]
[2020.08.30-11.56.34:533][  0]LogConfig: Setting CVar [[r.AmbientOcclusionMipLevelFactor:0.4]]
[2020.08.30-11.56.34:533][  0]LogConfig: Setting CVar [[r.AmbientOcclusionMaxQuality:100]]
[2020.08.30-11.56.34:533][  0]LogConfig: Setting CVar [[r.AmbientOcclusionLevels:-1]]
[2020.08.30-11.56.34:533][  0]LogConfig: Setting CVar [[r.AmbientOcclusionRadiusScale:1.0]]
[2020.08.30-11.56.34:533][  0]LogConfig: Setting CVar [[r.DepthOfFieldQuality:2]]
[2020.08.30-11.56.34:533][  0]LogConfig: Setting CVar [[r.RenderTargetPoolMin:400]]
[2020.08.30-11.56.34:533][  0]LogConfig: Setting CVar [[r.LensFlareQuality:2]]
[2020.08.30-11.56.34:533][  0]LogConfig: Setting CVar [[r.SceneColorFringeQuality:1]]
[2020.08.30-11.56.34:533][  0]LogConfig: Setting CVar [[r.EyeAdaptationQuality:2]]
[2020.08.30-11.56.34:533][  0]LogConfig: Setting CVar [[r.BloomQuality:5]]
[2020.08.30-11.56.34:533][  0]LogConfig: Setting CVar [[r.FastBlurThreshold:100]]
[2020.08.30-11.56.34:533][  0]LogConfig: Setting CVar [[r.Upscale.Quality:3]]
[2020.08.30-11.56.34:533][  0]LogConfig: Setting CVar [[r.Tonemapper.GrainQuantization:1]]
[2020.08.30-11.56.34:533][  0]LogConfig: Setting CVar [[r.LightShaftQuality:1]]
[2020.08.30-11.56.34:533][  0]LogConfig: Setting CVar [[r.Filter.SizeScale:1]]
[2020.08.30-11.56.34:533][  0]LogConfig: Setting CVar [[r.Tonemapper.Quality:5]]
[2020.08.30-11.56.34:534][  0]LogConfig: Setting CVar [[r.DOF.Gather.AccumulatorQuality:1        ; higher gathering accumulator quality]]
[2020.08.30-11.56.34:534][  0]LogConfig: Setting CVar [[r.DOF.Gather.PostfilterMethod:1          ; Median3x3 postfilering method]]
[2020.08.30-11.56.34:534][  0]LogConfig: Setting CVar [[r.DOF.Gather.EnableBokehSettings:0       ; no bokeh simulation when gathering]]
[2020.08.30-11.56.34:534][  0]LogConfig: Setting CVar [[r.DOF.Gather.RingCount:4                 ; medium number of samples when gathering]]
[2020.08.30-11.56.34:534][  0]LogConfig: Setting CVar [[r.DOF.Scatter.ForegroundCompositing:1    ; additive foreground scattering]]
[2020.08.30-11.56.34:534][  0]LogConfig: Setting CVar [[r.DOF.Scatter.BackgroundCompositing:2    ; additive background scattering]]
[2020.08.30-11.56.34:534][  0]LogConfig: Setting CVar [[r.DOF.Scatter.EnableBokehSettings:1      ; bokeh simulation when scattering]]
[2020.08.30-11.56.34:534][  0]LogConfig: Setting CVar [[r.DOF.Scatter.MaxSpriteRatio:0.1         ; only a maximum of 10% of scattered bokeh]]
[2020.08.30-11.56.34:534][  0]LogConfig: Setting CVar [[r.DOF.Recombine.Quality:1                ; cheap slight out of focus]]
[2020.08.30-11.56.34:534][  0]LogConfig: Setting CVar [[r.DOF.Recombine.EnableBokehSettings:0    ; no bokeh simulation on slight out of focus]]
[2020.08.30-11.56.34:534][  0]LogConfig: Setting CVar [[r.DOF.TemporalAAQuality:1                ; more stable temporal accumulation]]
[2020.08.30-11.56.34:534][  0]LogConfig: Setting CVar [[r.DOF.Kernel.MaxForegroundRadius:0.025]]
[2020.08.30-11.56.34:534][  0]LogConfig: Setting CVar [[r.DOF.Kernel.MaxBackgroundRadius:0.025]]
[2020.08.30-11.56.34:534][  0]LogConfig: Applying CVar settings from Section [TextureQuality@3] File [../../../BatteryMan/Saved/Config/WindowsNoEditor/Scalability.ini]
[2020.08.30-11.56.34:534][  0]LogConfig: Setting CVar [[r.Streaming.MipBias:0]]
[2020.08.30-11.56.34:534][  0]LogConfig: Setting CVar [[r.Streaming.AmortizeCPUToGPUCopy:0]]
[2020.08.30-11.56.34:534][  0]LogConfig: Setting CVar [[r.Streaming.MaxNumTexturesToStreamPerFrame:0]]
[2020.08.30-11.56.34:534][  0]LogConfig: Setting CVar [[r.Streaming.Boost:1]]
[2020.08.30-11.56.34:535][  0]LogConfig: Setting CVar [[r.MaxAnisotropy:8]]
[2020.08.30-11.56.34:535][  0]LogConfig: Setting CVar [[r.VT.MaxAnisotropy:8]]
[2020.08.30-11.56.34:535][  0]LogConfig: Setting CVar [[r.Streaming.LimitPoolSizeToVRAM:0]]
[2020.08.30-11.56.34:535][  0]LogConfig: Setting CVar [[r.Streaming.PoolSize:1000]]
[2020.08.30-11.56.34:535][  0]LogConfig: Setting CVar [[r.Streaming.MaxEffectiveScreenSize:0]]
[2020.08.30-11.56.34:535][  0]LogConfig: Applying CVar settings from Section [EffectsQuality@3] File [../../../BatteryMan/Saved/Config/WindowsNoEditor/Scalability.ini]
[2020.08.30-11.56.34:535][  0]LogConfig: Setting CVar [[r.TranslucencyLightingVolumeDim:64]]
[2020.08.30-11.56.34:535][  0]LogConfig: Setting CVar [[r.RefractionQuality:2]]
[2020.08.30-11.56.34:535][  0]LogConfig: Setting CVar [[r.SSR.Quality:3]]
[2020.08.30-11.56.34:535][  0]LogConfig: Setting CVar [[r.SSR.HalfResSceneColor:0]]
[2020.08.30-11.56.34:535][  0]LogConfig: Setting CVar [[r.SceneColorFormat:4]]
[2020.08.30-11.56.34:535][  0]LogConfig: Setting CVar [[r.DetailMode:2]]
[2020.08.30-11.56.34:535][  0]LogConfig: Setting CVar [[r.TranslucencyVolumeBlur:1]]
[2020.08.30-11.56.34:535][  0]LogConfig: Setting CVar [[r.MaterialQualityLevel:1 ; High quality]]
[2020.08.30-11.56.34:535][  0]LogConfig: Setting CVar [[r.SSS.Scale:1]]
[2020.08.30-11.56.34:535][  0]LogConfig: Setting CVar [[r.SSS.SampleSet:2]]
[2020.08.30-11.56.34:535][  0]LogConfig: Setting CVar [[r.SSS.Quality:1]]
[2020.08.30-11.56.34:535][  0]LogConfig: Setting CVar [[r.SSS.HalfRes:1]]
[2020.08.30-11.56.34:536][  0]LogConfig: Setting CVar [[r.SSGI.Quality:3]]
[2020.08.30-11.56.34:536][  0]LogConfig: Setting CVar [[r.EmitterSpawnRateScale:1.0]]
[2020.08.30-11.56.34:536][  0]LogConfig: Setting CVar [[r.ParticleLightQuality:2]]
[2020.08.30-11.56.34:536][  0]LogConfig: Setting CVar [[r.SkyAtmosphere.AerialPerspectiveLUT.FastApplyOnOpaque:1 ; Always have FastSkyLUT 1 in this case to avoid wrong sky]]
[2020.08.30-11.56.34:536][  0]LogConfig: Setting CVar [[r.SkyAtmosphere.AerialPerspectiveLUT.SampleCountPerSlice:1]]
[2020.08.30-11.56.34:536][  0]LogConfig: Setting CVar [[r.SkyAtmosphere.AerialPerspectiveLUT.DepthResolution:16.0]]
[2020.08.30-11.56.34:536][  0]LogConfig: Setting CVar [[r.SkyAtmosphere.FastSkyLUT:1]]
[2020.08.30-11.56.34:536][  0]LogConfig: Setting CVar [[r.SkyAtmosphere.FastSkyLUT.SampleCountMin:4.0]]
[2020.08.30-11.56.34:536][  0]LogConfig: Setting CVar [[r.SkyAtmosphere.FastSkyLUT.SampleCountMax:32.0]]
[2020.08.30-11.56.34:536][  0]LogConfig: Setting CVar [[r.SkyAtmosphere.SampleCountMin:4.0]]
[2020.08.30-11.56.34:536][  0]LogConfig: Setting CVar [[r.SkyAtmosphere.SampleCountMax:32.0]]
[2020.08.30-11.56.34:536][  0]LogConfig: Setting CVar [[r.SkyAtmosphere.TransmittanceLUT.UseSmallFormat:0]]
[2020.08.30-11.56.34:536][  0]LogConfig: Setting CVar [[r.SkyAtmosphere.TransmittanceLUT.SampleCount:10.0]]
[2020.08.30-11.56.34:536][  0]LogConfig: Setting CVar [[r.SkyAtmosphere.MultiScatteringLUT.SampleCount:15.0]]
[2020.08.30-11.56.34:536][  0]LogConfig: Applying CVar settings from Section [FoliageQuality@3] File [../../../BatteryMan/Saved/Config/WindowsNoEditor/Scalability.ini]
[2020.08.30-11.56.34:536][  0]LogConfig: Setting CVar [[foliage.DensityScale:1.0]]
[2020.08.30-11.56.34:537][  0]LogConfig: Setting CVar [[grass.DensityScale:1.0]]
[2020.08.30-11.56.34:537][  0]LogConfig: Applying CVar settings from Section [ShadingQuality@3] File [../../../BatteryMan/Saved/Config/WindowsNoEditor/Scalability.ini]
[2020.08.30-11.56.34:537][  0]LogConfig: Setting CVar [[r.HairStrands.SkyLighting.SampleCount:16]]
[2020.08.30-11.56.34:537][  0]LogConfig: Setting CVar [[r.HairStrands.SkyLighting.JitterIntegration:0]]
[2020.08.30-11.56.34:537][  0]LogConfig: Setting CVar [[r.HairStrands.SkyAO.SampleCount:16]]
[2020.08.30-11.56.34:537][  0]LogConfig: Applying CVar settings from Section [Startup] File [../../../Engine/Config/ConsoleVariables.ini]
[2020.08.30-11.56.34:537][  0]LogConfig: Setting CVar [[net.UseAdaptiveNetUpdateFrequency:0]]
[2020.08.30-11.56.34:537][  0]LogConfig: Setting CVar [[p.chaos.AllowCreatePhysxBodies:1]]
[2020.08.30-11.56.34:538][  0]LogConfig: Applying CVar settings from Section [ConsoleVariables] File [../../../BatteryMan/Saved/Config/WindowsNoEditor/Engine.ini]
[2020.08.30-11.56.34:538][  0]LogInit: Computer: DESKTOP-RQ83EQG
[2020.08.30-11.56.34:538][  0]LogInit: User: pawel
[2020.08.30-11.56.34:538][  0]LogInit: CPU Page size=4096, Cores=4
[2020.08.30-11.56.34:538][  0]LogInit: High frequency timer resolution =2.533210 MHz
[2020.08.30-11.56.34:539][  0]LogMemory: Memory total: Physical=15.9GB (16GB approx)
[2020.08.30-11.56.34:539][  0]LogMemory: Platform Memory Stats for WindowsNoEditor
[2020.08.30-11.56.34:539][  0]LogMemory: Process Physical Memory: 64.78 MB used, 64.78 MB peak
[2020.08.30-11.56.34:539][  0]LogMemory: Process Virtual Memory: 76.26 MB used, 76.26 MB peak
[2020.08.30-11.56.34:539][  0]LogMemory: Physical Memory: 5768.12 MB used,  10532.23 MB free, 16300.36 MB total
[2020.08.30-11.56.34:539][  0]LogMemory: Virtual Memory: 4927.65 MB used,  134212800.00 MB free, 134217728.00 MB total
[2020.08.30-11.56.34:550][  0]LogWindows: WindowsPlatformFeatures enabled
[2020.08.30-11.56.34:624][  0]LogInit: Using OS detected language (pl-PL).
[2020.08.30-11.56.34:624][  0]LogInit: Using OS detected locale (pl-PL).
[2020.08.30-11.56.34:625][  0]LogTextLocalizationManager: No localization for 'pl-PL' exists, so 'en' will be used for the language.
[2020.08.30-11.56.34:626][  0]LogTextLocalizationManager: No localization for 'pl-PL' exists, so 'en' will be used for the locale.
[2020.08.30-11.56.34:702][  0]LogSlate: New Slate User Created.  User Index 0, Is Virtual User: 0
[2020.08.30-11.56.34:702][  0]LogSlate: Slate User Registered.  User Index 0, Is Virtual User: 0
[2020.08.30-11.56.34:741][  0]LogHMD: Failed to initialize OpenVR with code 110
[2020.08.30-11.56.34:741][  0]LogD3D11RHI: D3D11 min allowed feature level: 11_0
[2020.08.30-11.56.34:741][  0]LogD3D11RHI: D3D11 max allowed feature level: 11_0
[2020.08.30-11.56.34:741][  0]LogD3D11RHI: D3D11 adapters:
[2020.08.30-11.56.35:902][  0]LogD3D11RHI:    0. 'NVIDIA GeForce GTX 960M' (Feature Level 11_0)
[2020.08.30-11.56.35:903][  0]LogD3D11RHI:       4055/0/8150 MB DedicatedVideo/DedicatedSystem/SharedSystem, Outputs:1, VendorId:0x10de
[2020.08.30-11.56.35:925][  0]LogD3D11RHI:    1. 'Intel(R) HD Graphics 4600' (Feature Level 11_0)
[2020.08.30-11.56.35:925][  0]LogD3D11RHI:       112/0/2048 MB DedicatedVideo/DedicatedSystem/SharedSystem, Outputs:0, VendorId:0x8086
[2020.08.30-11.56.35:933][  0]LogD3D11RHI:    2. 'Microsoft Basic Render Driver' (Feature Level 11_0)
[2020.08.30-11.56.35:933][  0]LogD3D11RHI:       0/0/8150 MB DedicatedVideo/DedicatedSystem/SharedSystem, Outputs:0, VendorId:0x1414
[2020.08.30-11.56.35:933][  0]LogD3D11RHI: Chosen D3D11 Adapter: 0
[2020.08.30-11.56.35:982][  0]LogD3D11RHI: Creating new Direct3DDevice
[2020.08.30-11.56.35:982][  0]LogD3D11RHI:     GPU DeviceId: 0x139b (for the marketing name, search the web for "GPU Device Id")
[2020.08.30-11.56.35:982][  0]LogWindows: EnumDisplayDevices:
[2020.08.30-11.56.35:983][  0]LogWindows:    0. 'Intel(R) HD Graphics 4600' (P:1 D:1)
[2020.08.30-11.56.35:984][  0]LogWindows:    1. 'Intel(R) HD Graphics 4600' (P:0 D:0)
[2020.08.30-11.56.35:985][  0]LogWindows:    2. 'Intel(R) HD Graphics 4600' (P:0 D:0)
[2020.08.30-11.56.35:986][  0]LogWindows: DebugString: PrimaryIsNotTheChoosenAdapter PrimaryIsNotTheChoosenAdapter PrimaryIsNotTheChoosenAdapter FoundDriverCount:0 
[2020.08.30-11.56.35:986][  0]LogD3D11RHI:     Adapter Name: NVIDIA GeForce GTX 960M
[2020.08.30-11.56.35:986][  0]LogD3D11RHI:   Driver Version: Unknown (internal:Unknown, unified:Unknown)
[2020.08.30-11.56.35:986][  0]LogD3D11RHI:      Driver Date: Unknown
[2020.08.30-11.56.35:986][  0]LogRHI: Texture pool is 2839 MB (70% of 4055 MB)
[2020.08.30-11.56.36:115][  0]LogD3D11RHI: RHI has support for 64 bit atomics
[2020.08.30-11.56.36:115][  0]LogD3D11RHI: Async texture creation enabled
[2020.08.30-11.56.36:165][  0]LogD3D11RHI: GPU Timing Frequency: 1000.000000 (Debug: 2 1)
[2020.08.30-11.56.36:329][  0]LogMaterial: Verifying Global Shaders for PCD3D_SM5
[2020.08.30-11.56.36:338][  0]LogSlate: Using FreeType 2.10.0
[2020.08.30-11.56.36:339][  0]LogSlate: SlateFontServices - WITH_FREETYPE: 1, WITH_HARFBUZZ: 1
[2020.08.30-11.56.36:501][  0]LogInit: Using OS detected language (pl-PL).
[2020.08.30-11.56.36:501][  0]LogInit: Using OS detected locale (pl-PL).
[2020.08.30-11.56.36:501][  0]LogTextLocalizationManager: No localization for 'pl-PL' exists, so 'en' will be used for the language.
[2020.08.30-11.56.36:502][  0]LogTextLocalizationManager: No localization for 'pl-PL' exists, so 'en' will be used for the locale.
[2020.08.30-11.56.36:503][  0]LogTextLocalizationManager: Compacting localization data took   1.30ms
[2020.08.30-11.56.36:518][  0]LogAssetRegistry: FAssetRegistry took 0.0135 seconds to start up
[2020.08.30-11.56.36:740][  0]LogStreaming: Display: Flushing async loaders.
[2020.08.30-11.56.36:741][  0]LogPackageLocalizationCache: Processed 9 localized package path(s) for 1 prioritized culture(s) in 0.000113 seconds
[2020.08.30-11.56.36:741][  0]LogPakFile: New pak file ../../../BatteryMan/Content/Paks/BatteryMan-WindowsNoEditor.pak added to pak precacher.
[2020.08.30-11.56.36:749][  0]LogInit: Selected Device Profile: [WindowsNoEditor]
[2020.08.30-11.56.36:774][  0]LogNetVersion: BatteryMan 1.0.0, NetCL: 10570792, EngineNetVer: 13, GameNetVer: 0 (Checksum: 2288820487)
[2020.08.30-11.56.36:889][  0]LogAudioCaptureCore: Display: No Audio Capture implementations found. Audio input will be silent.
[2020.08.30-11.56.36:889][  0]LogAudioCaptureCore: Display: No Audio Capture implementations found. Audio input will be silent.
[2020.08.30-11.56.37:052][  0]LogMoviePlayer: Initializing movie player
[2020.08.30-11.56.37:053][  0]LogAndroidPermission: UAndroidPermissionCallbackProxy::GetInstance
[2020.08.30-11.56.37:054][  0]LogOcInput: OculusInput pre-init called
[2020.08.30-11.56.37:064][  0]LogUObjectArray: 42918 objects as part of root set at end of initial load.
[2020.08.30-11.56.37:064][  0]LogUObjectArray: 2 objects are not in the root set, but can never be destroyed because they are in the DisregardForGC set.
[2020.08.30-11.56.37:064][  0]LogUObjectAllocator: 6443568 out of 0 bytes used by permanent object pool.
[2020.08.30-11.56.37:064][  0]LogUObjectArray: CloseDisregardForGC: 42918/42918 objects in disregard for GC pool
[2020.08.30-11.56.37:067][  0]LogEngine: Initializing Engine...
[2020.08.30-11.56.37:069][  0]LogHMD: Failed to initialize OpenVR with code 110
[2020.08.30-11.56.37:070][  0]LogStats: UGameplayTagsManager::InitializeManager -  0.000 s
[2020.08.30-11.56.37:383][  0]LogInit: Initializing FReadOnlyCVARCache
[2020.08.30-11.56.37:384][  0]LogAudioMixer: Display: Audio Mixer Platform Settings:
[2020.08.30-11.56.37:384][  0]LogAudioMixer: Display: 	Sample Rate:						  48000
[2020.08.30-11.56.37:384][  0]LogAudioMixer: Display: 	Callback Buffer Frame Size Requested: 1024
[2020.08.30-11.56.37:384][  0]LogAudioMixer: Display: 	Callback Buffer Frame Size To Use:	  1024
[2020.08.30-11.56.37:384][  0]LogAudioMixer: Display: 	Number of buffers to queue:			  2
[2020.08.30-11.56.37:384][  0]LogAudioMixer: Display: 	Max Channels (voices):				  32
[2020.08.30-11.56.37:384][  0]LogAudioMixer: Display: 	Number of Async Source Workers:		  0
[2020.08.30-11.56.37:384][  0]LogAudio: Display: AudioDevice MaxSources: 32
[2020.08.30-11.56.37:384][  0]LogAudio: Display: Using built-in audio occlusion.
[2020.08.30-11.56.37:384][  0]LogAudioMixer: Display: Initializing audio mixer.
[2020.08.30-11.56.37:397][  0]LogAudioDebug: Display: Lib vorbis DLL was dynamically loaded.
[2020.08.30-11.56.37:429][  0]LogAudioMixer: Display: Audio Device Output Speaker Info:
[2020.08.30-11.56.37:429][  0]LogAudioMixer: Display: Name: Głośniki (Realtek High Definition Audio)
[2020.08.30-11.56.37:430][  0]LogAudioMixer: Display: Is Default: Yes
[2020.08.30-11.56.37:430][  0]LogAudioMixer: Display: Sample Rate: 48000
[2020.08.30-11.56.37:430][  0]LogAudioMixer: Display: Channel Count Used: 2
[2020.08.30-11.56.37:430][  0]LogAudioMixer: Display: Device Channel Count: 2
[2020.08.30-11.56.37:430][  0]LogAudioMixer: Display: Channel Order:
[2020.08.30-11.56.37:430][  0]LogAudioMixer: Display: 0: FrontLeft
[2020.08.30-11.56.37:430][  0]LogAudioMixer: Display: 1: FrontRight
[2020.08.30-11.56.37:680][  0]LogAudioMixer: Display: Using Audio Device Głośniki (Realtek High Definition Audio)
[2020.08.30-11.56.37:693][  0]LogInit: FAudioDevice initialized.
[2020.08.30-11.56.37:697][  0]LogNetVersion: Set ProjectVersion to 1.0.0.0. Version Checksum will be recalculated on next use.
[2020.08.30-11.56.37:697][  0]LogInit: Texture streaming: Enabled
[2020.08.30-11.56.37:720][  0]LogSlate: Updating window title bar state: overlay mode, drag disabled, window buttons hidden, title bar hidden
[2020.08.30-11.56.37:731][  0]LogInit: Display: Game Engine Initialized.
[2020.08.30-11.56.37:735][  0]LogInit: Display: Starting Game.
[2020.08.30-11.56.37:736][  0]LogNet: Browse: /Game/ThirdPersonCPP/Maps/MainMenu_Level?Name=Player
[2020.08.30-11.56.37:736][  0]LogLoad: LoadMap: /Game/ThirdPersonCPP/Maps/MainMenu_Level?Name=Player
[2020.08.30-11.56.37:737][  0]LogWorld: BeginTearingDown for /Temp/Untitled_0
[2020.08.30-11.56.37:743][  0]LogWorld: UWorld::CleanupWorld for Untitled, bSessionEnded=true, bCleanupResources=true
[2020.08.30-11.56.37:743][  0]LogSlate: InvalidateAllWidgets triggered.  All widgets were invalidated
[2020.08.30-11.56.37:768][  0]LogAudioMixer: Display: No commands were queued while flushing the source manager.
[2020.08.30-11.56.37:777][  0]LogUObjectHash: Compacting FUObjectHashTables data took   8.97ms
[2020.08.30-11.56.37:808][  0]LogAIModule: Creating AISystem for world MainMenu_Level
[2020.08.30-11.56.37:902][  0]LogLoad: Game class is 'BatteryMan_GameMode_BP_C'
[2020.08.30-11.56.37:903][  0]LogWorld: Bringing World /Game/ThirdPersonCPP/Maps/MainMenu_Level.MainMenu_Level up for play (max tick rate 0) at 2020.08.30-13.56.37
[2020.08.30-11.56.37:904][  0]LogWorld: Bringing up level for play took: 0.000643
[2020.08.30-11.56.37:904][  0]LogGameMode: FindPlayerStart: PATHS NOT DEFINED or NO PLAYERSTART with positive rating
[2020.08.30-11.56.37:906][  0]LogGameMode: Display: Match State Changed from EnteringMap to WaitingToStart
[2020.08.30-11.56.37:906][  0]LogGameState: Match State Changed from EnteringMap to WaitingToStart
[2020.08.30-11.56.37:906][  0]LogGameMode: Display: Match State Changed from WaitingToStart to InProgress
[2020.08.30-11.56.37:911][  0]LogUMG: Display: Widget Class MainMenu_C - Loaded Fast Template.
[2020.08.30-11.56.37:912][  0]LogActor: Warning: Pool_BP_C /Game/ThirdPersonCPP/Maps/MainMenu_Level.MainMenu_Level:PersistentLevel.Pool_BP_C_2147482547 has natively added scene component(s), but none of them were set as the actor's RootComponent - picking one arbitrarily
[2020.08.30-11.56.37:912][  0]LogActor: Warning: Pool_BP_C /Game/ThirdPersonCPP/Maps/MainMenu_Level.MainMenu_Level:PersistentLevel.Pool_BP_C_2147482545 has natively added scene component(s), but none of them were set as the actor's RootComponent - picking one arbitrarily
[2020.08.30-11.56.37:913][  0]LogActor: Warning: Pool_BP_C /Game/ThirdPersonCPP/Maps/MainMenu_Level.MainMenu_Level:PersistentLevel.Pool_BP_C_2147482544 has natively added scene component(s), but none of them were set as the actor's RootComponent - picking one arbitrarily
[2020.08.30-11.56.37:915][  0]LogGameState: Match State Changed from WaitingToStart to InProgress
[2020.08.30-11.56.37:915][  0]LogLoad: Took 0.178755 seconds to LoadMap(/Game/ThirdPersonCPP/Maps/MainMenu_Level)
[2020.08.30-11.56.37:918][  0]LogSlate: Took 0.001907 seconds to synchronously load lazily loaded font '../../../Engine/Content/EngineFonts/Faces/RobotoBold.ufont' (160K)
[2020.08.30-11.56.37:944][  0]LogRenderer: Reallocating scene render targets to support 1536x864 Format 10 NumSamples 1 (Frame:1).
[2020.08.30-11.56.37:944][  0]LogLoad: (Engine Initialization) Total time: 4.09 seconds
[2020.08.30-11.56.38:065][  0]LogContentStreaming: Texture pool size now 1000 MB
[2020.08.30-11.56.56:258][287]LogUMG: Display: Widget Class Instruction_C - Loaded Fast Template.
[2020.08.30-11.57.00:771][676]LogGameMode: Display: Match State Changed from InProgress to LeavingMap
[2020.08.30-11.57.00:771][676]LogGameState: Match State Changed from InProgress to LeavingMap
[2020.08.30-11.57.00:771][676]LogNet: Browse: /Game/ThirdPersonCPP/Maps/Level_1
[2020.08.30-11.57.00:771][676]LogLoad: LoadMap: /Game/ThirdPersonCPP/Maps/Level_1
[2020.08.30-11.57.00:771][676]LogWorld: BeginTearingDown for /Game/ThirdPersonCPP/Maps/MainMenu_Level
[2020.08.30-11.57.00:773][676]LogWorld: UWorld::CleanupWorld for MainMenu_Level, bSessionEnded=true, bCleanupResources=true
[2020.08.30-11.57.00:774][676]LogSlate: InvalidateAllWidgets triggered.  All widgets were invalidated
[2020.08.30-11.57.00:788][676]LogAudioMixer: Display: No commands were queued while flushing the source manager.
[2020.08.30-11.57.00:817][676]LogUObjectHash: Compacting FUObjectHashTables data took  11.54ms
[2020.08.30-11.57.00:835][676]LogStreaming: Display: Flushing async loaders.
[2020.08.30-11.57.01:080][676]LogModelComponent: Model /Game/ThirdPersonCPP/Maps/Level_1.Level_1:PersistentLevel.ModelComponent_0 has elements that reference missing vertices. MaxVertex=3, NumVertices=0
[2020.08.30-11.57.01:080][676]LogModelComponent: Model /Game/ThirdPersonCPP/Maps/Level_1.Level_1:PersistentLevel.ModelComponent_1 has elements that reference missing vertices. MaxVertex=7, NumVertices=0
[2020.08.30-11.57.01:080][676]LogModelComponent: Model /Game/ThirdPersonCPP/Maps/Level_1.Level_1:PersistentLevel.ModelComponent_1 has elements that reference missing vertices. MaxVertex=19, NumVertices=0
[2020.08.30-11.57.01:080][676]LogModelComponent: Model /Game/ThirdPersonCPP/Maps/Level_1.Level_1:PersistentLevel.ModelComponent_2 has elements that reference missing vertices. MaxVertex=11, NumVertices=0
[2020.08.30-11.57.01:080][676]LogModelComponent: Model /Game/ThirdPersonCPP/Maps/Level_1.Level_1:PersistentLevel.ModelComponent_3 has elements that reference missing vertices. MaxVertex=15, NumVertices=0
[2020.08.30-11.57.01:080][676]LogModelComponent: Model /Game/ThirdPersonCPP/Maps/Level_1.Level_1:PersistentLevel.ModelComponent_4 has elements that reference missing vertices. MaxVertex=23, NumVertices=0
[2020.08.30-11.57.01:088][676]LogAIModule: Creating AISystem for world Level_1
[2020.08.30-11.57.01:095][676]LogLoad: Game class is 'BatteryMan_GameMode_BP_C'
[2020.08.30-11.57.01:104][676]LogWorld: Bringing World /Game/ThirdPersonCPP/Maps/Level_1.Level_1 up for play (max tick rate 0) at 2020.08.30-13.57.01
[2020.08.30-11.57.01:105][676]LogWorld: Bringing up level for play took: 0.007588
[2020.08.30-11.57.01:108][676]LogGameMode: Display: Match State Changed from EnteringMap to WaitingToStart
[2020.08.30-11.57.01:108][676]LogGameState: Match State Changed from EnteringMap to WaitingToStart
[2020.08.30-11.57.01:108][676]LogGameMode: Display: Match State Changed from WaitingToStart to InProgress
[2020.08.30-11.57.01:113][676]LogUMG: Display: Widget Class PlayerPower_UI_C - Loaded Fast Template.
[2020.08.30-11.57.01:115][676]LogUMG: Display: Widget Class Points_UI_C - Loaded Fast Template.
[2020.08.30-11.57.01:115][676]LogActor: Warning: Pool_BP_C /Game/ThirdPersonCPP/Maps/Level_1.Level_1:PersistentLevel.Pool_BP_C_2147482479 has natively added scene component(s), but none of them were set as the actor's RootComponent - picking one arbitrarily
[2020.08.30-11.57.01:117][676]LogActor: Warning: Pool_BP_C /Game/ThirdPersonCPP/Maps/Level_1.Level_1:PersistentLevel.Pool_BP_C_2147482478 has natively added scene component(s), but none of them were set as the actor's RootComponent - picking one arbitrarily
[2020.08.30-11.57.01:118][676]LogActor: Warning: Pool_BP_C /Game/ThirdPersonCPP/Maps/Level_1.Level_1:PersistentLevel.Pool_BP_C_2147482477 has natively added scene component(s), but none of them were set as the actor's RootComponent - picking one arbitrarily
[2020.08.30-11.57.01:123][676]LogGameState: Match State Changed from WaitingToStart to InProgress
[2020.08.30-11.57.01:124][676]LogLoad: Took 0.352556 seconds to LoadMap(/Game/ThirdPersonCPP/Maps/Level_1)
[2020.08.30-11.58.23:481][352]LogUMG: Display: Widget Class GameOver_C - Loaded Fast Template.
[2020.08.30-11.58.23:483][352]LogPlayerController: Error: InputMode:UIOnly - Attempting to focus Non-Focusable widget SObjectWidget [Widget.cpp(776)]!
[2020.08.30-11.58.25:429][422]LogGameMode: Display: Match State Changed from InProgress to LeavingMap
[2020.08.30-11.58.25:429][422]LogGameState: Match State Changed from InProgress to LeavingMap
[2020.08.30-11.58.25:429][422]LogNet: Browse: /Game/ThirdPersonCPP/Maps/Level_1
[2020.08.30-11.58.25:430][422]LogLoad: LoadMap: /Game/ThirdPersonCPP/Maps/Level_1
[2020.08.30-11.58.25:430][422]LogWorld: BeginTearingDown for /Game/ThirdPersonCPP/Maps/Level_1
[2020.08.30-11.58.25:432][422]LogWorld: UWorld::CleanupWorld for Level_1, bSessionEnded=true, bCleanupResources=true
[2020.08.30-11.58.25:434][422]LogSlate: InvalidateAllWidgets triggered.  All widgets were invalidated
[2020.08.30-11.58.25:451][422]LogAudioMixer: Display: No commands were queued while flushing the source manager.
[2020.08.30-11.58.25:481][422]LogUObjectHash: Compacting FUObjectHashTables data took   7.92ms
[2020.08.30-11.58.25:517][422]LogStreaming: Display: Flushing async loaders.
[2020.08.30-11.58.25:800][422]LogModelComponent: Model /Game/ThirdPersonCPP/Maps/Level_1.Level_1:PersistentLevel.ModelComponent_0 has elements that reference missing vertices. MaxVertex=3, NumVertices=0
[2020.08.30-11.58.25:801][422]LogModelComponent: Model /Game/ThirdPersonCPP/Maps/Level_1.Level_1:PersistentLevel.ModelComponent_1 has elements that reference missing vertices. MaxVertex=7, NumVertices=0
[2020.08.30-11.58.25:801][422]LogModelComponent: Model /Game/ThirdPersonCPP/Maps/Level_1.Level_1:PersistentLevel.ModelComponent_1 has elements that reference missing vertices. MaxVertex=19, NumVertices=0
[2020.08.30-11.58.25:801][422]LogModelComponent: Model /Game/ThirdPersonCPP/Maps/Level_1.Level_1:PersistentLevel.ModelComponent_2 has elements that reference missing vertices. MaxVertex=11, NumVertices=0
[2020.08.30-11.58.25:801][422]LogModelComponent: Model /Game/ThirdPersonCPP/Maps/Level_1.Level_1:PersistentLevel.ModelComponent_3 has elements that reference missing vertices. MaxVertex=15, NumVertices=0
[2020.08.30-11.58.25:801][422]LogModelComponent: Model /Game/ThirdPersonCPP/Maps/Level_1.Level_1:PersistentLevel.ModelComponent_4 has elements that reference missing vertices. MaxVertex=23, NumVertices=0
[2020.08.30-11.58.25:815][422]LogAIModule: Creating AISystem for world Level_1
[2020.08.30-11.58.25:827][422]LogLoad: Game class is 'BatteryMan_GameMode_BP_C'
[2020.08.30-11.58.25:834][422]LogWorld: Bringing World /Game/ThirdPersonCPP/Maps/Level_1.Level_1 up for play (max tick rate 0) at 2020.08.30-13.58.25
[2020.08.30-11.58.25:835][422]LogWorld: Bringing up level for play took: 0.004427
[2020.08.30-11.58.25:837][422]LogGameMode: Display: Match State Changed from EnteringMap to WaitingToStart
[2020.08.30-11.58.25:837][422]LogGameState: Match State Changed from EnteringMap to WaitingToStart
[2020.08.30-11.58.25:837][422]LogGameMode: Display: Match State Changed from WaitingToStart to InProgress
[2020.08.30-11.58.25:844][422]LogUMG: Display: Widget Class PlayerPower_UI_C - Loaded Fast Template.
[2020.08.30-11.58.25:845][422]LogUMG: Display: Widget Class Points_UI_C - Loaded Fast Template.
[2020.08.30-11.58.25:847][422]LogActor: Warning: Pool_BP_C /Game/ThirdPersonCPP/Maps/Level_1.Level_1:PersistentLevel.Pool_BP_C_2147482336 has natively added scene component(s), but none of them were set as the actor's RootComponent - picking one arbitrarily
[2020.08.30-11.58.25:849][422]LogActor: Warning: Pool_BP_C /Game/ThirdPersonCPP/Maps/Level_1.Level_1:PersistentLevel.Pool_BP_C_2147482335 has natively added scene component(s), but none of them were set as the actor's RootComponent - picking one arbitrarily
[2020.08.30-11.58.25:850][422]LogActor: Warning: Pool_BP_C /Game/ThirdPersonCPP/Maps/Level_1.Level_1:PersistentLevel.Pool_BP_C_2147482334 has natively added scene component(s), but none of them were set as the actor's RootComponent - picking one arbitrarily
[2020.08.30-11.58.25:857][422]LogGameState: Match State Changed from WaitingToStart to InProgress
[2020.08.30-11.58.25:858][422]LogLoad: Took 0.427865 seconds to LoadMap(/Game/ThirdPersonCPP/Maps/Level_1)
[2020.08.30-11.59.15:437][585]LogUMG: Display: Widget Class GameOver_C - Loaded Fast Template.
[2020.08.30-11.59.15:438][585]LogPlayerController: Error: InputMode:UIOnly - Attempting to focus Non-Focusable widget SObjectWidget [Widget.cpp(776)]!
[2020.08.30-11.59.17:595][677]Closing by request
[2020.08.30-11.59.17:595][677]LogWindows: FPlatformMisc::RequestExit(0)
[2020.08.30-11.59.17:595][677]LogCore: Engine exit requested (reason: Win RequestExit)
[2020.08.30-11.59.17:645][678]LogCore: Engine exit requested (reason: EngineExit() was called; note: exit was already requested)
[2020.08.30-11.59.17:648][678]LogAudioMixer: Display: No commands were queued while flushing the source manager.
[2020.08.30-11.59.17:739][678]LogInit: Display: PreExit Game.
[2020.08.30-11.59.17:795][678]LogWorld: BeginTearingDown for /Game/ThirdPersonCPP/Maps/Level_1
[2020.08.30-11.59.17:796][678]LogWorld: UWorld::CleanupWorld for Level_1, bSessionEnded=true, bCleanupResources=true
[2020.08.30-11.59.17:797][678]LogSlate: InvalidateAllWidgets triggered.  All widgets were invalidated
[2020.08.30-11.59.18:152][678]LogSlate: Request Window 'BatteryMan (64-bit Development PCD3D_SM5) ' being destroyed
[2020.08.30-11.59.18:157][678]LogSlate: Window 'BatteryMan (64-bit Development PCD3D_SM5) ' being destroyed
[2020.08.30-11.59.18:163][678]LogWindowsTextInputMethodSystem: Display: IME system now deactivated.
[2020.08.30-11.59.18:246][678]LogExit: Preparing to exit.
[2020.08.30-11.59.18:247][678]LogMoviePlayer: Shutting down movie player
[2020.08.30-11.59.18:261][678]LogSlate: Updating window title bar state: overlay mode, drag disabled, window buttons hidden, title bar hidden
[2020.08.30-11.59.18:263][678]LogDemo: Cleaned up 0 splitscreen connections with owner deletion
[2020.08.30-11.59.18:269][678]LogExit: Game engine shut down
[2020.08.30-11.59.18:435][678]LogExit: Object subsystem successfully closed.
[2020.08.30-11.59.18:458][678]LogModuleManager: Shutting down and abandoning module AutomationController (270)
[2020.08.30-11.59.18:458][678]LogModuleManager: Shutting down and abandoning module AutomationWorker (268)
[2020.08.30-11.59.18:459][678]LogModuleManager: Shutting down and abandoning module Voice (266)
[2020.08.30-11.59.18:459][678]LogModuleManager: Shutting down and abandoning module AIModule (264)
[2020.08.30-11.59.18:459][678]LogModuleManager: Shutting down and abandoning module GameplayDebugger (263)
[2020.08.30-11.59.18:459][678]LogModuleManager: Shutting down and abandoning module NavigationSystem (261)
[2020.08.30-11.59.18:459][678]LogModuleManager: Shutting down and abandoning module WebMMediaFactory (258)
[2020.08.30-11.59.18:459][678]LogModuleManager: Shutting down and abandoning module WebMMedia (256)
[2020.08.30-11.59.18:459][678]LogModuleManager: Shutting down and abandoning module OculusMR (254)
[2020.08.30-11.59.18:459][678]LogModuleManager: Shutting down and abandoning module WmfMediaFactory (252)
[2020.08.30-11.59.18:459][678]LogModuleManager: Shutting down and abandoning module OpenExrWrapper (250)
[2020.08.30-11.59.18:459][678]LogModuleManager: Shutting down and abandoning module ImgMediaFactory (248)
[2020.08.30-11.59.18:459][678]LogModuleManager: Shutting down and abandoning module AvfMediaFactory (246)
[2020.08.30-11.59.18:459][678]LogModuleManager: Shutting down and abandoning module CharacterAI (244)
[2020.08.30-11.59.18:459][678]LogModuleManager: Shutting down and abandoning module SessionServices (242)
[2020.08.30-11.59.18:459][678]LogModuleManager: Shutting down and abandoning module LiveCoding (240)
[2020.08.30-11.59.18:460][678]LogModuleManager: Shutting down and abandoning module LevelSequence (238)
[2020.08.30-11.59.18:460][678]LogModuleManager: Shutting down and abandoning module MovieSceneTracks (236)
[2020.08.30-11.59.18:460][678]LogModuleManager: Shutting down and abandoning module MovieScene (234)
[2020.08.30-11.59.18:460][678]LogModuleManager: Shutting down and abandoning module StreamingPauseRendering (232)
[2020.08.30-11.59.18:460][678]LogModuleManager: Shutting down and abandoning module AudioMixerXAudio2 (230)
[2020.08.30-11.59.18:460][678]LogModuleManager: Shutting down and abandoning module ImageWriteQueue (228)
[2020.08.30-11.59.18:464][678]LogModuleManager: Shutting down and abandoning module ProfilerService (226)
[2020.08.30-11.59.18:633][678]LogModuleManager: Shutting down and abandoning module TaskGraph (224)
[2020.08.30-11.59.18:635][678]LogModuleManager: Shutting down and abandoning module ProceduralMeshComponent (222)
[2020.08.30-11.59.18:635][678]LogModuleManager: Shutting down and abandoning module OculusInput (220)
[2020.08.30-11.59.18:635][678]LogModuleManager: Shutting down and abandoning module MobilePatchingUtils (218)
[2020.08.30-11.59.18:635][678]LogModuleManager: Shutting down and abandoning module EditableMesh (216)
[2020.08.30-11.59.18:635][678]LogModuleManager: Shutting down and abandoning module CustomMeshComponent (214)
[2020.08.30-11.59.18:635][678]LogModuleManager: Shutting down and abandoning module CableComponent (212)
[2020.08.30-11.59.18:635][678]LogModuleManager: Shutting down and abandoning module AudioCapture (210)
[2020.08.30-11.59.18:635][678]LogModuleManager: Shutting down and abandoning module AudioCaptureRtAudio (209)
[2020.08.30-11.59.18:635][678]LogModuleManager: Shutting down and abandoning module AssetTags (206)
[2020.08.30-11.59.18:635][678]LogModuleManager: Shutting down and abandoning module ArchVisCharacter (204)
[2020.08.30-11.59.18:635][678]LogModuleManager: Shutting down and abandoning module AppleImageUtils (202)
[2020.08.30-11.59.18:635][678]LogModuleManager: Shutting down and abandoning module AndroidPermission (200)
[2020.08.30-11.59.18:635][678]LogModuleManager: Shutting down and abandoning module MediaCompositing (198)
[2020.08.30-11.59.18:635][678]LogModuleManager: Shutting down and abandoning module ImgMedia (196)
[2020.08.30-11.59.18:635][678]LogModuleManager: Shutting down and abandoning module MagicLeapHelperVulkan (194)
[2020.08.30-11.59.18:635][678]LogModuleManager: Shutting down and abandoning module MagicLeapHelperOpenGL (192)
[2020.08.30-11.59.18:635][678]LogModuleManager: Shutting down and abandoning module MagicLeapAudio (190)
[2020.08.30-11.59.18:635][678]LogModuleManager: Shutting down and abandoning module BackChannel (188)
[2020.08.30-11.59.18:635][678]LogModuleManager: Shutting down and abandoning module AutomationUtils (186)
[2020.08.30-11.59.18:635][678]LogModuleManager: Shutting down and abandoning module GeometryCacheTracks (184)
[2020.08.30-11.59.18:635][678]LogModuleManager: Shutting down and abandoning module GeometryCache (182)
[2020.08.30-11.59.18:635][678]LogModuleManager: Shutting down and abandoning module UObjectPlugin (180)
[2020.08.30-11.59.18:635][678]LogModuleManager: Shutting down and abandoning module BatteryMan (178)
[2020.08.30-11.59.18:635][678]LogModuleManager: Shutting down and abandoning module RuntimePhysXCooking (176)
[2020.08.30-11.59.18:635][678]LogModuleManager: Shutting down and abandoning module LocationServicesBPLibrary (172)
[2020.08.30-11.59.18:635][678]LogModuleManager: Shutting down and abandoning module ActorSequence (170)
[2020.08.30-11.59.18:635][678]LogModuleManager: Shutting down and abandoning module UdpMessaging (168)
[2020.08.30-11.59.18:635][678]LogModuleManager: Shutting down and abandoning module TcpMessaging (166)
[2020.08.30-11.59.18:635][678]LogModuleManager: Shutting down and abandoning module MagicLeapPrivileges (164)
[2020.08.30-11.59.18:635][678]LogModuleManager: Shutting down and abandoning module MagicLeapPlanes (162)
[2020.08.30-11.59.18:635][678]LogModuleManager: Shutting down and abandoning module MagicLeapIdentity (160)
[2020.08.30-11.59.18:636][678]LogModuleManager: Shutting down and abandoning module MagicLeapSecureStorage (158)
[2020.08.30-11.59.18:636][678]LogModuleManager: Shutting down and abandoning module MagicLeapImageTracker (156)
[2020.08.30-11.59.18:636][678]LogModuleManager: Shutting down and abandoning module MagicLeapHandTracking (154)
[2020.08.30-11.59.18:636][678]LogModuleManager: Shutting down and abandoning module MagicLeapHandMeshing (152)
[2020.08.30-11.59.18:636][678]LogModuleManager: Shutting down and abandoning module MagicLeapEyeTracker (150)
[2020.08.30-11.59.18:636][678]LogModuleManager: Shutting down and abandoning module MagicLeapController (148)
[2020.08.30-11.59.18:636][678]LogSlate: Slate User Destroyed.  User Index 0, Is Virtual User: 0
[2020.08.30-11.59.18:636][678]LogModuleManager: Shutting down and abandoning module MagicLeapARPin (146)
[2020.08.30-11.59.18:636][678]LogModuleManager: Shutting down and abandoning module MagicLeapAR (144)
[2020.08.30-11.59.18:636][678]LogModuleManager: Shutting down and abandoning module AugmentedReality (143)
[2020.08.30-11.59.18:636][678]LogModuleManager: Shutting down and abandoning module FacialAnimation (140)
[2020.08.30-11.59.18:636][678]LogModuleManager: Shutting down and abandoning module SignificanceManager (138)
[2020.08.30-11.59.18:636][678]LogModuleManager: Shutting down and abandoning module AnimationSharing (136)
[2020.08.30-11.59.18:636][678]LogModuleManager: Shutting down and abandoning module LightPropagationVolumeRuntime (134)
[2020.08.30-11.59.18:637][678]LogModuleManager: Shutting down and abandoning module Paper2D (132)
[2020.08.30-11.59.18:637][678]LogModuleManager: Shutting down and abandoning module WindowsMoviePlayer (130)
[2020.08.30-11.59.18:641][678]LogModuleManager: Shutting down and abandoning module WebMMoviePlayer (128)
[2020.08.30-11.59.18:642][678]LogModuleManager: Shutting down and abandoning module NetworkReplayStreaming (126)
[2020.08.30-11.59.18:642][678]LogModuleManager: Shutting down and abandoning module PacketHandler (124)
[2020.08.30-11.59.18:642][678]LogModuleManager: Shutting down and abandoning module ClothingSystemRuntimeNv (122)
[2020.08.30-11.59.18:642][678]LogModuleManager: Shutting down and abandoning module MediaAssets (120)
[2020.08.30-11.59.18:642][678]LogModuleManager: Shutting down and abandoning module Overlay (118)
[2020.08.30-11.59.18:642][678]LogModuleManager: Shutting down and abandoning module FunctionalTesting (116)
[2020.08.30-11.59.18:642][678]LogModuleManager: Shutting down and abandoning module MessageLog (114)
[2020.08.30-11.59.18:642][678]LogModuleManager: Shutting down and abandoning module UMG (112)
[2020.08.30-11.59.18:642][678]LogModuleManager: Shutting down and abandoning module SlateReflector (110)
[2020.08.30-11.59.18:642][678]LogModuleManager: Shutting down and abandoning module Slate (108)
[2020.08.30-11.59.18:643][678]LogModuleManager: Shutting down and abandoning module SlateCore (106)
[2020.08.30-11.59.18:643][678]LogModuleManager: Shutting down and abandoning module MRMesh (104)
[2020.08.30-11.59.18:643][678]LogModuleManager: Shutting down and abandoning module Messaging (102)
[2020.08.30-11.59.18:643][678]LogModuleManager: Shutting down and abandoning module HeadMountedDisplay (100)
[2020.08.30-11.59.18:643][678]LogModuleManager: Shutting down and abandoning module XAudio2 (98)
[2020.08.30-11.59.18:643][678]LogModuleManager: Shutting down and abandoning module Networking (96)
[2020.08.30-11.59.18:643][678]LogModuleManager: Shutting down and abandoning module Core (94)
[2020.08.30-11.59.18:643][678]LogModuleManager: Shutting down and abandoning module ImageWrapper (90)
[2020.08.30-11.59.18:643][678]LogModuleManager: Shutting down and abandoning module InputCore (88)
[2020.08.30-11.59.18:643][678]LogModuleManager: Shutting down and abandoning module Settings (86)
[2020.08.30-11.59.18:643][678]LogModuleManager: Shutting down and abandoning module PhysXCooking (84)
[2020.08.30-11.59.18:643][678]LogModuleManager: Shutting down and abandoning module ChaosSolvers (82)
[2020.08.30-11.59.18:643][678]LogModuleManager: Shutting down and abandoning module FieldSystemEngine (81)
[2020.08.30-11.59.18:643][678]LogModuleManager: Shutting down and abandoning module Chaos (78)
[2020.08.30-11.59.18:643][678]LogModuleManager: Shutting down and abandoning module WindowsPlatformFeatures (76)
[2020.08.30-11.59.18:643][678]LogModuleManager: Shutting down and abandoning module GameplayMediaEncoder (75)
[2020.08.30-11.59.18:644][678]LogModuleManager: Shutting down and abandoning module SteamVRInputDevice (72)
[2020.08.30-11.59.18:644][678]LogModuleManager: Shutting down and abandoning module SteamVRInput (70)
[2020.08.30-11.59.18:644][678]LogModuleManager: Shutting down and abandoning module SteamVR (68)
[2020.08.30-11.59.18:644][678]LogHMD: Freeing OpenVRDLLHandle.
[2020.08.30-11.59.18:644][678]LogModuleManager: Shutting down and abandoning module OculusHMD (66)
[2020.08.30-11.59.18:644][678]LogModuleManager: Shutting down and abandoning module ExampleDeviceProfileSelector (64)
[2020.08.30-11.59.18:644][678]LogModuleManager: Shutting down and abandoning module LauncherChunkInstaller (62)
[2020.08.30-11.59.18:644][678]LogModuleManager: Shutting down and abandoning module OnlineSubsystem (58)
[2020.08.30-11.59.18:645][678]LogModuleManager: Shutting down and abandoning module HTTP (53)
[2020.08.30-11.59.18:654][678]LogModuleManager: Shutting down and abandoning module SSL (52)
[2020.08.30-11.59.18:686][678]LogModuleManager: Shutting down and abandoning module WmfMedia (48)
[2020.08.30-11.59.18:688][678]LogModuleManager: Shutting down and abandoning module Media (47)
[2020.08.30-11.59.18:689][678]LogModuleManager: Shutting down and abandoning module MagicLeap (44)
[2020.08.30-11.59.18:689][678]LogModuleManager: Shutting down and abandoning module VariantManagerContent (42)
[2020.08.30-11.59.18:689][678]LogModuleManager: Shutting down and abandoning module DatasmithContent (40)
[2020.08.30-11.59.18:690][678]LogModuleManager: Shutting down and abandoning module AISupportModule (38)
[2020.08.30-11.59.18:690][678]LogModuleManager: Shutting down and abandoning module PlatformCryptoOpenSSL (36)
[2020.08.30-11.59.18:690][678]LogModuleManager: Shutting down and abandoning module PlatformCryptoTypes (34)
[2020.08.30-11.59.18:690][678]LogModuleManager: Shutting down and abandoning module PlatformCrypto (32)
[2020.08.30-11.59.18:690][678]LogModuleManager: Shutting down and abandoning module RenderCore (30)
[2020.08.30-11.59.18:690][678]LogModuleManager: Shutting down and abandoning module Landscape (28)
[2020.08.30-11.59.18:690][678]LogModuleManager: Shutting down and abandoning module SlateRHIRenderer (26)
[2020.08.30-11.59.18:693][678]LogModuleManager: Shutting down and abandoning module OpenGLDrv (24)
[2020.08.30-11.59.18:693][678]LogModuleManager: Shutting down and abandoning module D3D11RHI (22)
[2020.08.30-11.59.18:693][678]LogModuleManager: Shutting down and abandoning module AnimGraphRuntime (20)
[2020.08.30-11.59.18:693][678]LogModuleManager: Shutting down and abandoning module Renderer (18)
[2020.08.30-11.59.18:693][678]LogModuleManager: Shutting down and abandoning module Engine (16)
[2020.08.30-11.59.18:693][678]LogModuleManager: Shutting down and abandoning module CoreUObject (14)
[2020.08.30-11.59.18:693][678]LogModuleManager: Shutting down and abandoning module NetworkFile (12)
[2020.08.30-11.59.18:693][678]LogModuleManager: Shutting down and abandoning module CookedIterativeFile (10)
[2020.08.30-11.59.18:693][678]LogModuleManager: Shutting down and abandoning module StreamingFile (8)
[2020.08.30-11.59.18:693][678]LogModuleManager: Shutting down and abandoning module SandboxFile (6)
[2020.08.30-11.59.18:693][678]LogModuleManager: Shutting down and abandoning module PakFile (4)
[2020.08.30-11.59.18:697][678]LogModuleManager: Shutting down and abandoning module RSA (3)
[2020.08.30-11.59.18:713][678]LogD3D11RHI: Shutdown
[2020.08.30-11.59.18:713][678]LogD3D11RHI: CleanupD3DDevice
[2020.08.30-11.59.18:732][678]LogExit: Exiting.
[2020.08.30-11.59.18:745][678]Log file closed, 08/30/20 13:59:18
